rm -rf dataset/august-2018/bugs-dot-jar/commons-math_buggy
Switched to a new branch 'bugs-dot-jar_MATH-1103_a6f96306'
Branch bugs-dot-jar_MATH-1103_a6f96306 set up to track remote branch bugs-dot-jar_MATH-1103_a6f96306 from origin.
cd dataset/august-2018/bugs-dot-jar/commons-math && git checkout bugs-dot-jar_MATH-1103_a6f96306
cp -r dataset/august-2018/bugs-dot-jar/commons-math dataset/august-2018/bugs-dot-jar/commons-math_buggy
[INFO] Scanning for projects...
[INFO]                                                                         
[INFO] ------------------------------------------------------------------------
[INFO] Building Apache Commons Math 3.3-SNAPSHOT
[INFO] ------------------------------------------------------------------------
[INFO] 
[INFO] --- maven-clean-plugin:2.5:clean (default-clean) @ commons-math3 ---
[INFO] 
[INFO] --- maven-antrun-plugin:1.7:run (javadoc.resources) @ commons-math3 ---
[INFO] Executing tasks

main:
     [copy] Copying 2 files to /tmp/icse19/dataset/august-2018/bugs-dot-jar/commons-math_buggy/target/apidocs/META-INF
[INFO] Executed tasks
[INFO] 
[INFO] --- maven-remote-resources-plugin:1.4:process (default) @ commons-math3 ---
[INFO] 
[INFO] --- buildnumber-maven-plugin:1.2:create (default) @ commons-math3 ---
[INFO] Checking for local modifications: skipped.
[INFO] Updating project files from SCM: skipped.
[INFO] Executing: /bin/sh -c cd /tmp/icse19/dataset/august-2018/bugs-dot-jar/commons-math_buggy && svn --non-interactive info
[INFO] Working directory: /tmp/icse19/dataset/august-2018/bugs-dot-jar/commons-math_buggy
[INFO] Storing buildNumber: ?????? at timestamp: 1533217402731
[INFO] Executing: /bin/sh -c cd /tmp/icse19/dataset/august-2018/bugs-dot-jar/commons-math_buggy && svn --non-interactive info
[INFO] Working directory: /tmp/icse19/dataset/august-2018/bugs-dot-jar/commons-math_buggy
[INFO] Storing buildScmBranch: UNKNOWN_BRANCH
[INFO] 
[INFO] --- maven-resources-plugin:2.6:resources (default-resources) @ commons-math3 ---
[INFO] Using 'UTF-8' encoding to copy filtered resources.
[INFO] Copying 2 resources
[INFO] Copying 2 resources to META-INF
[INFO] 
[INFO] --- maven-compiler-plugin:3.1:compile (default-compile) @ commons-math3 ---
[INFO] Changes detected - recompiling the module!
[INFO] Compiling 898 source files to /tmp/icse19/dataset/august-2018/bugs-dot-jar/commons-math_buggy/target/classes
[WARNING] /tmp/icse19/dataset/august-2018/bugs-dot-jar/commons-math_buggy/src/main/java/org/apache/commons/math3/optimization/fitting/GaussianFitter.java: Some input files use or override a deprecated API.
[WARNING] /tmp/icse19/dataset/august-2018/bugs-dot-jar/commons-math_buggy/src/main/java/org/apache/commons/math3/optimization/fitting/GaussianFitter.java: Recompile with -Xlint:deprecation for details.
[INFO] 
[INFO] --- maven-bundle-plugin:2.4.0:manifest (bundle-manifest) @ commons-math3 ---
[INFO] 
[INFO] --- maven-resources-plugin:2.6:testResources (default-testResources) @ commons-math3 ---
[INFO] Using 'UTF-8' encoding to copy filtered resources.
[INFO] Copying 32 resources
[INFO] Copying 2 resources to META-INF
[INFO] 
[INFO] --- maven-compiler-plugin:3.1:testCompile (default-testCompile) @ commons-math3 ---
[INFO] Changes detected - recompiling the module!
[INFO] Compiling 549 source files to /tmp/icse19/dataset/august-2018/bugs-dot-jar/commons-math_buggy/target/test-classes
[WARNING] /tmp/icse19/dataset/august-2018/bugs-dot-jar/commons-math_buggy/src/test/java/org/apache/commons/math3/util/MathUtilsTest.java: Some input files use or override a deprecated API.
[WARNING] /tmp/icse19/dataset/august-2018/bugs-dot-jar/commons-math_buggy/src/test/java/org/apache/commons/math3/util/MathUtilsTest.java: Recompile with -Xlint:deprecation for details.
[INFO] 
[INFO] --- jacoco-maven-plugin:0.6.2.201302030002:prepare-agent (prepare-agent) @ commons-math3 ---
[INFO] argLine set to -javaagent:/home/spirals/danglot/.m2/repository/org/jacoco/org.jacoco.agent/0.6.2.201302030002/org.jacoco.agent-0.6.2.201302030002-runtime.jar=destfile=/tmp/icse19/dataset/august-2018/bugs-dot-jar/commons-math_buggy/target/jacoco.exec
[INFO] 
[INFO] --- maven-surefire-plugin:2.15:test (default-test) @ commons-math3 ---
[INFO] Tests are skipped.
[INFO] 
[INFO] --- maven-jar-plugin:2.4:jar (default-jar) @ commons-math3 ---
[INFO] Building jar: /tmp/icse19/dataset/august-2018/bugs-dot-jar/commons-math_buggy/target/commons-math3-3.3-SNAPSHOT.jar
[INFO] 
[INFO] --- maven-antrun-plugin:1.7:run (default) @ commons-math3 ---
[INFO] Executing tasks

main:
      [jar] Building jar: /tmp/icse19/dataset/august-2018/bugs-dot-jar/commons-math_buggy/target/commons-math3-tools-3.3-SNAPSHOT.jar
[INFO] Executed tasks
[INFO] 
[INFO] --- maven-site-plugin:3.3:attach-descriptor (attach-descriptor) @ commons-math3 ---
[INFO] 
[INFO] --- build-helper-maven-plugin:1.7:attach-artifact (attach-artifacts) @ commons-math3 ---
[INFO] 
[INFO] --- jacoco-maven-plugin:0.6.2.201302030002:check (check) @ commons-math3 ---
[INFO] Skipping JaCoCo execution due to missing execution data file
[INFO] 
[INFO] --- maven-install-plugin:2.4:install (default-install) @ commons-math3 ---
[INFO] Installing /tmp/icse19/dataset/august-2018/bugs-dot-jar/commons-math_buggy/target/commons-math3-3.3-SNAPSHOT.jar to /home/spirals/danglot/.m2/repository/org/apache/commons/commons-math3/3.3-SNAPSHOT/commons-math3-3.3-SNAPSHOT.jar
[INFO] Installing /tmp/icse19/dataset/august-2018/bugs-dot-jar/commons-math_buggy/pom.xml to /home/spirals/danglot/.m2/repository/org/apache/commons/commons-math3/3.3-SNAPSHOT/commons-math3-3.3-SNAPSHOT.pom
[INFO] Installing /tmp/icse19/dataset/august-2018/bugs-dot-jar/commons-math_buggy/target/commons-math3-tools-3.3-SNAPSHOT.jar to /home/spirals/danglot/.m2/repository/org/apache/commons/commons-math3/3.3-SNAPSHOT/commons-math3-3.3-SNAPSHOT-tools.jar
[INFO] ------------------------------------------------------------------------
[INFO] BUILD SUCCESS
[INFO] ------------------------------------------------------------------------
[INFO] Total time: 19.284 s
[INFO] Finished at: 2018-08-02T15:43:39+02:00
[INFO] Final Memory: 48M/1493M
[INFO] ------------------------------------------------------------------------
cd dataset/august-2018/bugs-dot-jar/commons-math_buggy && ~/apache-maven-3.3.9/bin/mvn clean install -DskipTests
rm -rf dataset/august-2018/bugs-dot-jar/commons-math_fixed
cp -r dataset/august-2018/bugs-dot-jar/commons-math_buggy dataset/august-2018/bugs-dot-jar/commons-math_fixed
patching file src/main/java/org/apache/commons/math3/fitting/leastsquares/GaussNewtonOptimizer.java
patching file src/main/java/org/apache/commons/math3/fitting/leastsquares/LeastSquaresFactory.java
patching file src/main/java/org/apache/commons/math3/fitting/leastsquares/LevenbergMarquardtOptimizer.java
cd dataset/august-2018/bugs-dot-jar/commons-math_fixed && patch -p1 < .bugs-dot-jar/developer-patch.diff
[INFO] Scanning for projects...
[INFO]                                                                         
[INFO] ------------------------------------------------------------------------
[INFO] Building Apache Commons Math 3.3-SNAPSHOT
[INFO] ------------------------------------------------------------------------
[INFO] 
[INFO] --- maven-clean-plugin:2.5:clean (default-clean) @ commons-math3 ---
[INFO] Deleting /tmp/icse19/dataset/august-2018/bugs-dot-jar/commons-math_buggy/target
[INFO] 
[INFO] --- versions-maven-plugin:2.5:use-latest-versions (default-cli) @ commons-math3 ---
[INFO] Major version changes allowed
[INFO] Updated junit:junit:jar:4.11 to version 4.12
[INFO] 
[INFO] --- diff-test-selection:0.3-SNAPSHOT:list (default-cli) @ commons-math3 ---
[INFO] /tmp/icse19/dataset/august-2018/bugs-dot-jar/commons-math_buggy
[WARN] Maven will be executed in interactive mode, but no input stream has been configured for this MavenInvoker instance.
[INFO] Scanning for projects...
[INFO]                                                                         
[INFO] ------------------------------------------------------------------------
[INFO] Building Apache Commons Math 3.3-SNAPSHOT
[INFO] ------------------------------------------------------------------------
[INFO] 
[INFO] --- maven-clean-plugin:2.5:clean (default-clean) @ commons-math3 ---
[INFO] 
[INFO] --- clover-maven-plugin:4.2.0:setup (default-cli) @ commons-math3 ---
[INFO] No 'maven.clover.licenseLocation' configured. Using default license.
[INFO] OpenClover Version 4.2.0, built on April 30 2017 (build-1000)
[INFO] Loaded from: /home/spirals/danglot/.m2/repository/org/openclover/clover/4.2.0/clover-4.2.0.jar
[INFO] Clover free edition.
[INFO] Creating new database at '/tmp/icse19/dataset/august-2018/bugs-dot-jar/commons-math_buggy/target/clover/clover.db'.
[INFO] Processing files at 1.8 source level.
[INFO] Clover all over. Instrumented 898 files (75 packages).
[INFO] Elapsed time = 9.518 secs. (94.348 files/sec, 21,231.982 srclines/sec)
[INFO] OpenClover Version 4.2.0, built on April 30 2017 (build-1000)
[INFO] Loaded from: /home/spirals/danglot/.m2/repository/org/openclover/clover/4.2.0/clover-4.2.0.jar
[INFO] Clover free edition.
[INFO] Updating existing database at '/tmp/icse19/dataset/august-2018/bugs-dot-jar/commons-math_buggy/target/clover/clover.db'.
[INFO] Processing files at 1.8 source level.
[INFO] Clover all over. Instrumented 549 files (72 packages).
[INFO] 4068 test methods detected.
[INFO] Elapsed time = 8.115 secs. (67.652 files/sec, 16,023.66 srclines/sec)
[INFO] 
[INFO] --- maven-antrun-plugin:1.7:run (javadoc.resources) @ commons-math3 ---
[INFO] Executing tasks

main:
     [copy] Copying 2 files to /tmp/icse19/dataset/august-2018/bugs-dot-jar/commons-math_buggy/target/apidocs/META-INF
[INFO] Executed tasks
[INFO] 
[INFO] --- maven-remote-resources-plugin:1.4:process (default) @ commons-math3 ---
[INFO] 
[INFO] --- buildnumber-maven-plugin:1.2:create (default) @ commons-math3 ---
[INFO] Checking for local modifications: skipped.
[INFO] Updating project files from SCM: skipped.
[INFO] Executing: /bin/sh -c cd /tmp/icse19/dataset/august-2018/bugs-dot-jar/commons-math_buggy && svn --non-interactive info
[INFO] Working directory: /tmp/icse19/dataset/august-2018/bugs-dot-jar/commons-math_buggy
[INFO] Storing buildNumber: ?????? at timestamp: 1533217448197
[INFO] Executing: /bin/sh -c cd /tmp/icse19/dataset/august-2018/bugs-dot-jar/commons-math_buggy && svn --non-interactive info
[INFO] Working directory: /tmp/icse19/dataset/august-2018/bugs-dot-jar/commons-math_buggy
[INFO] Storing buildScmBranch: UNKNOWN_BRANCH
[INFO] 
[INFO] --- maven-resources-plugin:2.6:resources (default-resources) @ commons-math3 ---
[INFO] Using 'UTF-8' encoding to copy filtered resources.
[INFO] Copying 2 resources
[INFO] Copying 2 resources to META-INF
[INFO] Copying 1 resource
[INFO] 
[INFO] --- maven-compiler-plugin:3.1:compile (default-compile) @ commons-math3 ---
[INFO] Changes detected - recompiling the module!
[INFO] Compiling 898 source files to /tmp/icse19/dataset/august-2018/bugs-dot-jar/commons-math_buggy/target/classes
[WARNING] /tmp/icse19/dataset/august-2018/bugs-dot-jar/commons-math_buggy/target/clover/src-instrumented/org/apache/commons/math3/distribution/AbstractRealDistribution.java: Some input files use or override a deprecated API.
[WARNING] /tmp/icse19/dataset/august-2018/bugs-dot-jar/commons-math_buggy/target/clover/src-instrumented/org/apache/commons/math3/distribution/AbstractRealDistribution.java: Recompile with -Xlint:deprecation for details.
[INFO] 
[INFO] --- maven-bundle-plugin:2.4.0:manifest (bundle-manifest) @ commons-math3 ---
[INFO] 
[INFO] --- maven-resources-plugin:2.6:testResources (default-testResources) @ commons-math3 ---
[INFO] Using 'UTF-8' encoding to copy filtered resources.
[INFO] Copying 32 resources
[INFO] Copying 2 resources to META-INF
[INFO] 
[INFO] --- maven-compiler-plugin:3.1:testCompile (default-testCompile) @ commons-math3 ---
[INFO] Changes detected - recompiling the module!
[INFO] Compiling 549 source files to /tmp/icse19/dataset/august-2018/bugs-dot-jar/commons-math_buggy/target/test-classes
[WARNING] /tmp/icse19/dataset/august-2018/bugs-dot-jar/commons-math_buggy/target/clover/src-test-instrumented/org/apache/commons/math3/optimization/MultivariateDifferentiableVectorMultiStartOptimizerTest.java: Some input files use or override a deprecated API.
[WARNING] /tmp/icse19/dataset/august-2018/bugs-dot-jar/commons-math_buggy/target/clover/src-test-instrumented/org/apache/commons/math3/optimization/MultivariateDifferentiableVectorMultiStartOptimizerTest.java: Recompile with -Xlint:deprecation for details.
[INFO] 
[INFO] --- jacoco-maven-plugin:0.6.2.201302030002:prepare-agent (prepare-agent) @ commons-math3 ---
[INFO] Skipping JaCoCo execution
[INFO] argLine set to 
[INFO] 
[INFO] --- maven-surefire-plugin:2.15:test (default-test) @ commons-math3 ---
[INFO] Surefire report directory: /tmp/icse19/dataset/august-2018/bugs-dot-jar/commons-math_buggy/target/surefire-reports

-------------------------------------------------------
 T E S T S
-------------------------------------------------------
Running org.apache.commons.math3.fraction.BigFractionFormatTest
Tests run: 19, Failures: 0, Errors: 0, Skipped: 0, Time elapsed: 0.195 sec - in org.apache.commons.math3.fraction.BigFractionFormatTest
Running org.apache.commons.math3.fraction.FractionFieldTest
Tests run: 3, Failures: 0, Errors: 0, Skipped: 0, Time elapsed: 0.085 sec - in org.apache.commons.math3.fraction.FractionFieldTest
Running org.apache.commons.math3.fraction.FractionTest
Tests run: 25, Failures: 0, Errors: 0, Skipped: 0, Time elapsed: 0.048 sec - in org.apache.commons.math3.fraction.FractionTest
Running org.apache.commons.math3.fraction.FractionFormatTest
Tests run: 22, Failures: 0, Errors: 0, Skipped: 0, Time elapsed: 0.036 sec - in org.apache.commons.math3.fraction.FractionFormatTest
Running org.apache.commons.math3.fraction.BigFractionTest
Tests run: 29, Failures: 0, Errors: 0, Skipped: 0, Time elapsed: 0.068 sec - in org.apache.commons.math3.fraction.BigFractionTest
Running org.apache.commons.math3.fraction.BigFractionFieldTest
Tests run: 3, Failures: 0, Errors: 0, Skipped: 0, Time elapsed: 0.02 sec - in org.apache.commons.math3.fraction.BigFractionFieldTest
Running org.apache.commons.math3.stat.regression.SimpleRegressionTest
Tests run: 21, Failures: 0, Errors: 0, Skipped: 0, Time elapsed: 0.099 sec - in org.apache.commons.math3.stat.regression.SimpleRegressionTest
Running org.apache.commons.math3.stat.regression.GLSMultipleLinearRegressionTest
Tests run: 21, Failures: 0, Errors: 0, Skipped: 0, Time elapsed: 18.003 sec - in org.apache.commons.math3.stat.regression.GLSMultipleLinearRegressionTest
Running org.apache.commons.math3.stat.regression.MillerUpdatingRegressionTest
Tests run: 17, Failures: 0, Errors: 0, Skipped: 0, Time elapsed: 0.491 sec - in org.apache.commons.math3.stat.regression.MillerUpdatingRegressionTest
Running org.apache.commons.math3.stat.regression.OLSMultipleLinearRegressionTest
Tests run: 23, Failures: 0, Errors: 0, Skipped: 0, Time elapsed: 0.051 sec - in org.apache.commons.math3.stat.regression.OLSMultipleLinearRegressionTest
Running org.apache.commons.math3.stat.data.LewTest
Tests run: 1, Failures: 0, Errors: 0, Skipped: 0, Time elapsed: 0.013 sec - in org.apache.commons.math3.stat.data.LewTest
Running org.apache.commons.math3.stat.data.LotteryTest
Tests run: 1, Failures: 0, Errors: 0, Skipped: 0, Time elapsed: 0.005 sec - in org.apache.commons.math3.stat.data.LotteryTest
Running org.apache.commons.math3.stat.inference.KolmogorovSmirnovTestTest
Tests run: 10, Failures: 0, Errors: 0, Skipped: 0, Time elapsed: 12.133 sec - in org.apache.commons.math3.stat.inference.KolmogorovSmirnovTestTest
Running org.apache.commons.math3.stat.inference.GTestTest
Tests run: 13, Failures: 0, Errors: 0, Skipped: 0, Time elapsed: 0.033 sec - in org.apache.commons.math3.stat.inference.GTestTest
Running org.apache.commons.math3.stat.inference.BinomialTestTest
Tests run: 3, Failures: 0, Errors: 0, Skipped: 0, Time elapsed: 0.014 sec - in org.apache.commons.math3.stat.inference.BinomialTestTest
Running org.apache.commons.math3.stat.inference.MannWhitneyUTestTest
Tests run: 3, Failures: 0, Errors: 0, Skipped: 0, Time elapsed: 0.015 sec - in org.apache.commons.math3.stat.inference.MannWhitneyUTestTest
Running org.apache.commons.math3.stat.inference.ChiSquareTestTest
Tests run: 7, Failures: 0, Errors: 0, Skipped: 0, Time elapsed: 0.014 sec - in org.apache.commons.math3.stat.inference.ChiSquareTestTest
Running org.apache.commons.math3.stat.inference.WilcoxonSignedRankTestTest
Tests run: 2, Failures: 0, Errors: 0, Skipped: 0, Time elapsed: 0.005 sec - in org.apache.commons.math3.stat.inference.WilcoxonSignedRankTestTest
Running org.apache.commons.math3.stat.inference.OneWayAnovaTest
Tests run: 4, Failures: 0, Errors: 0, Skipped: 0, Time elapsed: 0.008 sec - in org.apache.commons.math3.stat.inference.OneWayAnovaTest
Running org.apache.commons.math3.stat.inference.TTestTest
Tests run: 6, Failures: 0, Errors: 0, Skipped: 0, Time elapsed: 0.011 sec - in org.apache.commons.math3.stat.inference.TTestTest
Running org.apache.commons.math3.stat.inference.TestUtilsTest
Tests run: 14, Failures: 0, Errors: 0, Skipped: 0, Time elapsed: 0.024 sec - in org.apache.commons.math3.stat.inference.TestUtilsTest
Running org.apache.commons.math3.stat.StatUtilsTest
Tests run: 17, Failures: 0, Errors: 0, Skipped: 0, Time elapsed: 0.022 sec - in org.apache.commons.math3.stat.StatUtilsTest
Running org.apache.commons.math3.stat.CertifiedDataTest
Tests run: 2, Failures: 0, Errors: 0, Skipped: 0, Time elapsed: 0.028 sec - in org.apache.commons.math3.stat.CertifiedDataTest
Running org.apache.commons.math3.stat.interval.IntervalUtilsTest
Tests run: 4, Failures: 0, Errors: 0, Skipped: 0, Time elapsed: 0.013 sec - in org.apache.commons.math3.stat.interval.IntervalUtilsTest
Running org.apache.commons.math3.stat.interval.WilsonScoreIntervalTest
Tests run: 6, Failures: 0, Errors: 0, Skipped: 0, Time elapsed: 0.007 sec - in org.apache.commons.math3.stat.interval.WilsonScoreIntervalTest
Running org.apache.commons.math3.stat.interval.AgrestiCoullIntervalTest
Tests run: 6, Failures: 0, Errors: 0, Skipped: 0, Time elapsed: 0.005 sec - in org.apache.commons.math3.stat.interval.AgrestiCoullIntervalTest
Running org.apache.commons.math3.stat.interval.NormalApproximationIntervalTest
Tests run: 6, Failures: 0, Errors: 0, Skipped: 0, Time elapsed: 0.005 sec - in org.apache.commons.math3.stat.interval.NormalApproximationIntervalTest
Running org.apache.commons.math3.stat.interval.ClopperPearsonIntervalTest
Tests run: 6, Failures: 0, Errors: 0, Skipped: 0, Time elapsed: 0.007 sec - in org.apache.commons.math3.stat.interval.ClopperPearsonIntervalTest
Running org.apache.commons.math3.stat.FrequencyTest
Tests run: 16, Failures: 0, Errors: 0, Skipped: 0, Time elapsed: 0.021 sec - in org.apache.commons.math3.stat.FrequencyTest
Running org.apache.commons.math3.stat.correlation.StorelessCovarianceTest
Tests run: 6, Failures: 0, Errors: 0, Skipped: 0, Time elapsed: 0.01 sec - in org.apache.commons.math3.stat.correlation.StorelessCovarianceTest
Running org.apache.commons.math3.stat.correlation.KendallsCorrelationTest
Tests run: 24, Failures: 0, Errors: 0, Skipped: 0, Time elapsed: 0.404 sec - in org.apache.commons.math3.stat.correlation.KendallsCorrelationTest
Running org.apache.commons.math3.stat.correlation.CovarianceTest
Tests run: 6, Failures: 0, Errors: 0, Skipped: 0, Time elapsed: 0.009 sec - in org.apache.commons.math3.stat.correlation.CovarianceTest
Running org.apache.commons.math3.stat.correlation.PearsonsCorrelationTest
Tests run: 8, Failures: 0, Errors: 0, Skipped: 0, Time elapsed: 0.016 sec - in org.apache.commons.math3.stat.correlation.PearsonsCorrelationTest
Running org.apache.commons.math3.stat.correlation.SpearmansRankCorrelationTest
Tests run: 11, Failures: 0, Errors: 0, Skipped: 0, Time elapsed: 0.016 sec - in org.apache.commons.math3.stat.correlation.SpearmansRankCorrelationTest
Running org.apache.commons.math3.stat.ranking.NaturalRankingTest
Tests run: 9, Failures: 0, Errors: 0, Skipped: 0, Time elapsed: 0.01 sec - in org.apache.commons.math3.stat.ranking.NaturalRankingTest
Running org.apache.commons.math3.stat.clustering.KMeansPlusPlusClustererTest
Tests run: 5, Failures: 0, Errors: 0, Skipped: 0, Time elapsed: 0.413 sec - in org.apache.commons.math3.stat.clustering.KMeansPlusPlusClustererTest
Running org.apache.commons.math3.stat.clustering.EuclideanIntegerPointTest
Tests run: 4, Failures: 0, Errors: 0, Skipped: 0, Time elapsed: 0.006 sec - in org.apache.commons.math3.stat.clustering.EuclideanIntegerPointTest
Running org.apache.commons.math3.stat.clustering.DBSCANClustererTest
Tests run: 7, Failures: 0, Errors: 0, Skipped: 0, Time elapsed: 0.018 sec - in org.apache.commons.math3.stat.clustering.DBSCANClustererTest
Running org.apache.commons.math3.stat.clustering.EuclideanDoublePointTest
Tests run: 4, Failures: 0, Errors: 0, Skipped: 0, Time elapsed: 0.006 sec - in org.apache.commons.math3.stat.clustering.EuclideanDoublePointTest
Running org.apache.commons.math3.stat.descriptive.MultivariateSummaryStatisticsTest
Tests run: 10, Failures: 0, Errors: 0, Skipped: 0, Time elapsed: 0.043 sec - in org.apache.commons.math3.stat.descriptive.MultivariateSummaryStatisticsTest
Running org.apache.commons.math3.stat.descriptive.summary.ProductTest
Tests run: 14, Failures: 0, Errors: 0, Skipped: 0, Time elapsed: 0.024 sec - in org.apache.commons.math3.stat.descriptive.summary.ProductTest
Running org.apache.commons.math3.stat.descriptive.summary.SumSqTest
Tests run: 13, Failures: 0, Errors: 0, Skipped: 0, Time elapsed: 0.014 sec - in org.apache.commons.math3.stat.descriptive.summary.SumSqTest
Running org.apache.commons.math3.stat.descriptive.summary.SumTest
Tests run: 14, Failures: 0, Errors: 0, Skipped: 0, Time elapsed: 0.014 sec - in org.apache.commons.math3.stat.descriptive.summary.SumTest
Running org.apache.commons.math3.stat.descriptive.summary.SumLogTest
Tests run: 13, Failures: 0, Errors: 0, Skipped: 0, Time elapsed: 0.013 sec - in org.apache.commons.math3.stat.descriptive.summary.SumLogTest
Running org.apache.commons.math3.stat.descriptive.SynchronizedMultivariateSummaryStatisticsTest
Tests run: 10, Failures: 0, Errors: 0, Skipped: 0, Time elapsed: 0.02 sec - in org.apache.commons.math3.stat.descriptive.SynchronizedMultivariateSummaryStatisticsTest
Running org.apache.commons.math3.stat.descriptive.AbstractUnivariateStatisticTest
Tests run: 2, Failures: 0, Errors: 0, Skipped: 0, Time elapsed: 0.002 sec - in org.apache.commons.math3.stat.descriptive.AbstractUnivariateStatisticTest
Running org.apache.commons.math3.stat.descriptive.ListUnivariateImplTest
Tests run: 5, Failures: 0, Errors: 0, Skipped: 0, Time elapsed: 0.1 sec - in org.apache.commons.math3.stat.descriptive.ListUnivariateImplTest
Running org.apache.commons.math3.stat.descriptive.DescriptiveStatisticsTest
Tests run: 10, Failures: 0, Errors: 0, Skipped: 0, Time elapsed: 0.02 sec - in org.apache.commons.math3.stat.descriptive.DescriptiveStatisticsTest
Running org.apache.commons.math3.stat.descriptive.SynchronizedSummaryStatisticsTest
Tests run: 13, Failures: 0, Errors: 0, Skipped: 0, Time elapsed: 0.024 sec - in org.apache.commons.math3.stat.descriptive.SynchronizedSummaryStatisticsTest
Running org.apache.commons.math3.stat.descriptive.SynchronizedDescriptiveStatisticsTest
Tests run: 10, Failures: 0, Errors: 0, Skipped: 0, Time elapsed: 0.014 sec - in org.apache.commons.math3.stat.descriptive.SynchronizedDescriptiveStatisticsTest
Running org.apache.commons.math3.stat.descriptive.MixedListUnivariateImplTest
Tests run: 4, Failures: 0, Errors: 0, Skipped: 0, Time elapsed: 0.007 sec - in org.apache.commons.math3.stat.descriptive.MixedListUnivariateImplTest
Running org.apache.commons.math3.stat.descriptive.moment.FirstMomentTest
Tests run: 12, Failures: 0, Errors: 0, Skipped: 0, Time elapsed: 0.009 sec - in org.apache.commons.math3.stat.descriptive.moment.FirstMomentTest
Running org.apache.commons.math3.stat.descriptive.moment.ThirdMomentTest
Tests run: 12, Failures: 0, Errors: 0, Skipped: 0, Time elapsed: 0.014 sec - in org.apache.commons.math3.stat.descriptive.moment.ThirdMomentTest
Running org.apache.commons.math3.stat.descriptive.moment.SemiVarianceTest
Tests run: 9, Failures: 0, Errors: 0, Skipped: 0, Time elapsed: 0.012 sec - in org.apache.commons.math3.stat.descriptive.moment.SemiVarianceTest
Running org.apache.commons.math3.stat.descriptive.moment.VarianceTest
Tests run: 15, Failures: 0, Errors: 0, Skipped: 0, Time elapsed: 0.019 sec - in org.apache.commons.math3.stat.descriptive.moment.VarianceTest
Running org.apache.commons.math3.stat.descriptive.moment.SkewnessTest
Tests run: 13, Failures: 0, Errors: 0, Skipped: 0, Time elapsed: 0.017 sec - in org.apache.commons.math3.stat.descriptive.moment.SkewnessTest
Running org.apache.commons.math3.stat.descriptive.moment.FourthMomentTest
Tests run: 12, Failures: 0, Errors: 0, Skipped: 0, Time elapsed: 0.011 sec - in org.apache.commons.math3.stat.descriptive.moment.FourthMomentTest
Running org.apache.commons.math3.stat.descriptive.moment.KurtosisTest
Tests run: 13, Failures: 0, Errors: 0, Skipped: 0, Time elapsed: 0.013 sec - in org.apache.commons.math3.stat.descriptive.moment.KurtosisTest
Running org.apache.commons.math3.stat.descriptive.moment.VectorialCovarianceTest
Tests run: 4, Failures: 0, Errors: 0, Skipped: 0, Time elapsed: 0.003 sec - in org.apache.commons.math3.stat.descriptive.moment.VectorialCovarianceTest
Running org.apache.commons.math3.stat.descriptive.moment.StandardDeviationTest
Tests run: 14, Failures: 0, Errors: 0, Skipped: 0, Time elapsed: 0.012 sec - in org.apache.commons.math3.stat.descriptive.moment.StandardDeviationTest
Running org.apache.commons.math3.stat.descriptive.moment.GeometricMeanTest
Tests run: 13, Failures: 0, Errors: 0, Skipped: 0, Time elapsed: 0.009 sec - in org.apache.commons.math3.stat.descriptive.moment.GeometricMeanTest
Running org.apache.commons.math3.stat.descriptive.moment.VectorialMeanTest
Tests run: 4, Failures: 0, Errors: 0, Skipped: 0, Time elapsed: 0.005 sec - in org.apache.commons.math3.stat.descriptive.moment.VectorialMeanTest
Running org.apache.commons.math3.stat.descriptive.moment.MeanTest
Tests run: 14, Failures: 0, Errors: 0, Skipped: 0, Time elapsed: 0.011 sec - in org.apache.commons.math3.stat.descriptive.moment.MeanTest
Running org.apache.commons.math3.stat.descriptive.moment.SecondMomentTest
Tests run: 12, Failures: 0, Errors: 0, Skipped: 0, Time elapsed: 0.008 sec - in org.apache.commons.math3.stat.descriptive.moment.SecondMomentTest
Running org.apache.commons.math3.stat.descriptive.moment.InteractionTest
Tests run: 1, Failures: 0, Errors: 0, Skipped: 0, Time elapsed: 0.001 sec - in org.apache.commons.math3.stat.descriptive.moment.InteractionTest
Running org.apache.commons.math3.stat.descriptive.AggregateSummaryStatisticsTest
Tests run: 5, Failures: 0, Errors: 0, Skipped: 0, Time elapsed: 0.008 sec - in org.apache.commons.math3.stat.descriptive.AggregateSummaryStatisticsTest
Running org.apache.commons.math3.stat.descriptive.StatisticalSummaryValuesTest
Tests run: 3, Failures: 0, Errors: 0, Skipped: 0, Time elapsed: 0.003 sec - in org.apache.commons.math3.stat.descriptive.StatisticalSummaryValuesTest
Running org.apache.commons.math3.stat.descriptive.rank.MaxTest
Tests run: 14, Failures: 0, Errors: 0, Skipped: 0, Time elapsed: 0.01 sec - in org.apache.commons.math3.stat.descriptive.rank.MaxTest
Running org.apache.commons.math3.stat.descriptive.rank.MedianTest
Tests run: 5, Failures: 0, Errors: 0, Skipped: 0, Time elapsed: 0.006 sec - in org.apache.commons.math3.stat.descriptive.rank.MedianTest
Running org.apache.commons.math3.stat.descriptive.rank.PercentileTest
Tests run: 14, Failures: 0, Errors: 0, Skipped: 0, Time elapsed: 0.01 sec - in org.apache.commons.math3.stat.descriptive.rank.PercentileTest
Running org.apache.commons.math3.stat.descriptive.rank.MinTest
Tests run: 14, Failures: 0, Errors: 0, Skipped: 0, Time elapsed: 0.012 sec - in org.apache.commons.math3.stat.descriptive.rank.MinTest
Running org.apache.commons.math3.stat.descriptive.SummaryStatisticsTest
Tests run: 13, Failures: 0, Errors: 0, Skipped: 0, Time elapsed: 0.01 sec - in org.apache.commons.math3.stat.descriptive.SummaryStatisticsTest
Running org.apache.commons.math3.filter.KalmanFilterTest
Tests run: 5, Failures: 0, Errors: 0, Skipped: 0, Time elapsed: 0.097 sec - in org.apache.commons.math3.filter.KalmanFilterTest
Running org.apache.commons.math3.genetics.FixedElapsedTimeTest
Tests run: 1, Failures: 0, Errors: 0, Skipped: 0, Time elapsed: 3.009 sec - in org.apache.commons.math3.genetics.FixedElapsedTimeTest
Running org.apache.commons.math3.genetics.CycleCrossoverTest
Tests run: 6, Failures: 0, Errors: 0, Skipped: 0, Time elapsed: 0.019 sec - in org.apache.commons.math3.genetics.CycleCrossoverTest
Running org.apache.commons.math3.genetics.ChromosomeTest
Tests run: 2, Failures: 0, Errors: 0, Skipped: 0, Time elapsed: 0.007 sec - in org.apache.commons.math3.genetics.ChromosomeTest
Running org.apache.commons.math3.genetics.GeneticAlgorithmTestBinary
Tests run: 1, Failures: 0, Errors: 0, Skipped: 0, Time elapsed: 0.069 sec - in org.apache.commons.math3.genetics.GeneticAlgorithmTestBinary
Running org.apache.commons.math3.genetics.ListPopulationTest
Tests run: 10, Failures: 0, Errors: 0, Skipped: 0, Time elapsed: 0.019 sec - in org.apache.commons.math3.genetics.ListPopulationTest
Running org.apache.commons.math3.genetics.FixedGenerationCountTest
Tests run: 1, Failures: 0, Errors: 0, Skipped: 0, Time elapsed: 0.002 sec - in org.apache.commons.math3.genetics.FixedGenerationCountTest
Running org.apache.commons.math3.genetics.BinaryMutationTest
Tests run: 1, Failures: 0, Errors: 0, Skipped: 0, Time elapsed: 0.002 sec - in org.apache.commons.math3.genetics.BinaryMutationTest
Running org.apache.commons.math3.genetics.TournamentSelectionTest
Tests run: 1, Failures: 0, Errors: 0, Skipped: 0, Time elapsed: 0.002 sec - in org.apache.commons.math3.genetics.TournamentSelectionTest
Running org.apache.commons.math3.genetics.GeneticAlgorithmTestPermutations
Tests run: 1, Failures: 0, Errors: 0, Skipped: 0, Time elapsed: 0.256 sec - in org.apache.commons.math3.genetics.GeneticAlgorithmTestPermutations
Running org.apache.commons.math3.genetics.FitnessCachingTest
Tests run: 1, Failures: 0, Errors: 0, Skipped: 0, Time elapsed: 0.008 sec - in org.apache.commons.math3.genetics.FitnessCachingTest
Running org.apache.commons.math3.genetics.ElitisticListPopulationTest
Tests run: 8, Failures: 0, Errors: 0, Skipped: 0, Time elapsed: 0.01 sec - in org.apache.commons.math3.genetics.ElitisticListPopulationTest
Running org.apache.commons.math3.genetics.NPointCrossoverTest
Tests run: 5, Failures: 0, Errors: 0, Skipped: 0, Time elapsed: 0.009 sec - in org.apache.commons.math3.genetics.NPointCrossoverTest
Running org.apache.commons.math3.genetics.BinaryChromosomeTest
Tests run: 3, Failures: 0, Errors: 0, Skipped: 0, Time elapsed: 0.004 sec - in org.apache.commons.math3.genetics.BinaryChromosomeTest
Running org.apache.commons.math3.genetics.RandomKeyTest
Tests run: 10, Failures: 0, Errors: 0, Skipped: 0, Time elapsed: 0.012 sec - in org.apache.commons.math3.genetics.RandomKeyTest
Running org.apache.commons.math3.genetics.OrderedCrossoverTest
Tests run: 4, Failures: 0, Errors: 0, Skipped: 0, Time elapsed: 0.007 sec - in org.apache.commons.math3.genetics.OrderedCrossoverTest
Running org.apache.commons.math3.genetics.RandomKeyMutationTest
Tests run: 1, Failures: 0, Errors: 0, Skipped: 0, Time elapsed: 0.001 sec - in org.apache.commons.math3.genetics.RandomKeyMutationTest
Running org.apache.commons.math3.genetics.OnePointCrossoverTest
Tests run: 1, Failures: 0, Errors: 0, Skipped: 0, Time elapsed: 0.002 sec - in org.apache.commons.math3.genetics.OnePointCrossoverTest
Running org.apache.commons.math3.genetics.UniformCrossoverTest
Tests run: 6, Failures: 0, Errors: 0, Skipped: 0, Time elapsed: 0.252 sec - in org.apache.commons.math3.genetics.UniformCrossoverTest
Running org.apache.commons.math3.fitting.GaussianFitterTest
Tests run: 9, Failures: 0, Errors: 0, Skipped: 0, Time elapsed: 0.175 sec - in org.apache.commons.math3.fitting.GaussianFitterTest
Running org.apache.commons.math3.fitting.HarmonicFitterTest
Tests run: 7, Failures: 0, Errors: 0, Skipped: 0, Time elapsed: 0.097 sec - in org.apache.commons.math3.fitting.HarmonicFitterTest
Running org.apache.commons.math3.fitting.CurveFitterTest
Tests run: 3, Failures: 0, Errors: 0, Skipped: 0, Time elapsed: 0.006 sec - in org.apache.commons.math3.fitting.CurveFitterTest
Running org.apache.commons.math3.fitting.WeightedObservedPointsTest
Tests run: 5, Failures: 0, Errors: 0, Skipped: 0, Time elapsed: 0.005 sec - in org.apache.commons.math3.fitting.WeightedObservedPointsTest
Running org.apache.commons.math3.fitting.leastsquares.EvaluationTest
Tests run: 7, Failures: 1, Errors: 0, Skipped: 0, Time elapsed: 0.059 sec <<< FAILURE! - in org.apache.commons.math3.fitting.leastsquares.EvaluationTest
testEvaluateCopiesPoint(org.apache.commons.math3.fitting.leastsquares.EvaluationTest)  Time elapsed: 0.015 sec  <<< FAILURE!
java.lang.AssertionError: expected not same
	at org.junit.Assert.fail(Assert.java:88)
	at org.junit.Assert.failSame(Assert.java:819)
	at org.junit.Assert.assertNotSame(Assert.java:798)
	at org.junit.Assert.assertNotSame(Assert.java:811)
	at org.apache.commons.math3.fitting.leastsquares.EvaluationTest.__CLR4_2_09dk1891pxt(EvaluationTest.java:215)
	at org.apache.commons.math3.fitting.leastsquares.EvaluationTest.testEvaluateCopiesPoint(EvaluationTest.java:204)

Running org.apache.commons.math3.fitting.leastsquares.GaussNewtonOptimizerWithCholeskyTest
Tests run: 21, Failures: 1, Errors: 0, Skipped: 0, Time elapsed: 0.435 sec <<< FAILURE! - in org.apache.commons.math3.fitting.leastsquares.GaussNewtonOptimizerWithCholeskyTest
testPointCopy(org.apache.commons.math3.fitting.leastsquares.GaussNewtonOptimizerWithCholeskyTest)  Time elapsed: 0.008 sec  <<< FAILURE!
java.lang.AssertionError: 
Expected: not sameInstance(<{1; 2; 3}>)
     but: was <{1; 2; 3}>
	at org.hamcrest.MatcherAssert.assertThat(MatcherAssert.java:20)
	at org.junit.Assert.assertThat(Assert.java:956)
	at org.junit.Assert.assertThat(Assert.java:923)
	at org.apache.commons.math3.fitting.leastsquares.AbstractLeastSquaresOptimizerAbstractTest$2.converged(AbstractLeastSquaresOptimizerAbstractTest.java:547)
	at org.apache.commons.math3.fitting.leastsquares.AbstractLeastSquaresOptimizerAbstractTest$2.converged(AbstractLeastSquaresOptimizerAbstractTest.java:545)
	at org.apache.commons.math3.fitting.leastsquares.GaussNewtonOptimizer.optimize(GaussNewtonOptimizer.java:219)
	at org.apache.commons.math3.fitting.leastsquares.AbstractLeastSquaresOptimizerAbstractTest.__CLR4_2_0fw0sx21pru(AbstractLeastSquaresOptimizerAbstractTest.java:556)
	at org.apache.commons.math3.fitting.leastsquares.AbstractLeastSquaresOptimizerAbstractTest.testPointCopy(AbstractLeastSquaresOptimizerAbstractTest.java:535)
	at sun.reflect.NativeMethodAccessorImpl.invoke0(Native Method)
	at sun.reflect.NativeMethodAccessorImpl.invoke(NativeMethodAccessorImpl.java:62)
	at sun.reflect.DelegatingMethodAccessorImpl.invoke(DelegatingMethodAccessorImpl.java:43)
	at java.lang.reflect.Method.invoke(Method.java:498)
	at org.junit.runners.model.FrameworkMethod$1.runReflectiveCall(FrameworkMethod.java:50)
	at org.junit.internal.runners.model.ReflectiveCallable.run(ReflectiveCallable.java:12)
	at org.junit.runners.model.FrameworkMethod.invokeExplosively(FrameworkMethod.java:47)
	at org.junit.internal.runners.statements.InvokeMethod.evaluate(InvokeMethod.java:17)
	at org.junit.runners.ParentRunner.runLeaf(ParentRunner.java:325)
	at org.junit.runners.BlockJUnit4ClassRunner.runChild(BlockJUnit4ClassRunner.java:78)
	at org.junit.runners.BlockJUnit4ClassRunner.runChild(BlockJUnit4ClassRunner.java:57)
	at org.junit.runners.ParentRunner$3.run(ParentRunner.java:290)
	at org.junit.runners.ParentRunner$1.schedule(ParentRunner.java:71)
	at org.junit.runners.ParentRunner.runChildren(ParentRunner.java:288)
	at org.junit.runners.ParentRunner.access$000(ParentRunner.java:58)
	at org.junit.runners.ParentRunner$2.evaluate(ParentRunner.java:268)
	at org.junit.runners.ParentRunner.run(ParentRunner.java:363)
	at org.apache.maven.surefire.junit4.JUnit4Provider.execute(JUnit4Provider.java:264)
	at org.apache.maven.surefire.junit4.JUnit4Provider.executeTestSet(JUnit4Provider.java:153)
	at org.apache.maven.surefire.junit4.JUnit4Provider.invoke(JUnit4Provider.java:124)
	at org.apache.maven.surefire.booter.ForkedBooter.invokeProviderInSameClassLoader(ForkedBooter.java:200)
	at org.apache.maven.surefire.booter.ForkedBooter.runSuitesInProcess(ForkedBooter.java:153)
	at org.apache.maven.surefire.booter.ForkedBooter.main(ForkedBooter.java:103)

Running org.apache.commons.math3.fitting.leastsquares.GaussNewtonOptimizerWithLUTest
Tests run: 21, Failures: 1, Errors: 0, Skipped: 0, Time elapsed: 0.515 sec <<< FAILURE! - in org.apache.commons.math3.fitting.leastsquares.GaussNewtonOptimizerWithLUTest
testPointCopy(org.apache.commons.math3.fitting.leastsquares.GaussNewtonOptimizerWithLUTest)  Time elapsed: 0.003 sec  <<< FAILURE!
java.lang.AssertionError: 
Expected: not sameInstance(<{1; 2; 3}>)
     but: was <{1; 2; 3}>
	at org.hamcrest.MatcherAssert.assertThat(MatcherAssert.java:20)
	at org.junit.Assert.assertThat(Assert.java:956)
	at org.junit.Assert.assertThat(Assert.java:923)
	at org.apache.commons.math3.fitting.leastsquares.AbstractLeastSquaresOptimizerAbstractTest$2.converged(AbstractLeastSquaresOptimizerAbstractTest.java:547)
	at org.apache.commons.math3.fitting.leastsquares.AbstractLeastSquaresOptimizerAbstractTest$2.converged(AbstractLeastSquaresOptimizerAbstractTest.java:545)
	at org.apache.commons.math3.fitting.leastsquares.GaussNewtonOptimizer.optimize(GaussNewtonOptimizer.java:219)
	at org.apache.commons.math3.fitting.leastsquares.AbstractLeastSquaresOptimizerAbstractTest.__CLR4_2_0fw0sx21pru(AbstractLeastSquaresOptimizerAbstractTest.java:556)
	at org.apache.commons.math3.fitting.leastsquares.AbstractLeastSquaresOptimizerAbstractTest.testPointCopy(AbstractLeastSquaresOptimizerAbstractTest.java:535)
	at sun.reflect.NativeMethodAccessorImpl.invoke0(Native Method)
	at sun.reflect.NativeMethodAccessorImpl.invoke(NativeMethodAccessorImpl.java:62)
	at sun.reflect.DelegatingMethodAccessorImpl.invoke(DelegatingMethodAccessorImpl.java:43)
	at java.lang.reflect.Method.invoke(Method.java:498)
	at org.junit.runners.model.FrameworkMethod$1.runReflectiveCall(FrameworkMethod.java:50)
	at org.junit.internal.runners.model.ReflectiveCallable.run(ReflectiveCallable.java:12)
	at org.junit.runners.model.FrameworkMethod.invokeExplosively(FrameworkMethod.java:47)
	at org.junit.internal.runners.statements.InvokeMethod.evaluate(InvokeMethod.java:17)
	at org.junit.runners.ParentRunner.runLeaf(ParentRunner.java:325)
	at org.junit.runners.BlockJUnit4ClassRunner.runChild(BlockJUnit4ClassRunner.java:78)
	at org.junit.runners.BlockJUnit4ClassRunner.runChild(BlockJUnit4ClassRunner.java:57)
	at org.junit.runners.ParentRunner$3.run(ParentRunner.java:290)
	at org.junit.runners.ParentRunner$1.schedule(ParentRunner.java:71)
	at org.junit.runners.ParentRunner.runChildren(ParentRunner.java:288)
	at org.junit.runners.ParentRunner.access$000(ParentRunner.java:58)
	at org.junit.runners.ParentRunner$2.evaluate(ParentRunner.java:268)
	at org.junit.runners.ParentRunner.run(ParentRunner.java:363)
	at org.apache.maven.surefire.junit4.JUnit4Provider.execute(JUnit4Provider.java:264)
	at org.apache.maven.surefire.junit4.JUnit4Provider.executeTestSet(JUnit4Provider.java:153)
	at org.apache.maven.surefire.junit4.JUnit4Provider.invoke(JUnit4Provider.java:124)
	at org.apache.maven.surefire.booter.ForkedBooter.invokeProviderInSameClassLoader(ForkedBooter.java:200)
	at org.apache.maven.surefire.booter.ForkedBooter.runSuitesInProcess(ForkedBooter.java:153)
	at org.apache.maven.surefire.booter.ForkedBooter.main(ForkedBooter.java:103)

Running org.apache.commons.math3.fitting.leastsquares.GaussNewtonOptimizerWithQRTest
Tests run: 21, Failures: 1, Errors: 0, Skipped: 0, Time elapsed: 0.261 sec <<< FAILURE! - in org.apache.commons.math3.fitting.leastsquares.GaussNewtonOptimizerWithQRTest
testPointCopy(org.apache.commons.math3.fitting.leastsquares.GaussNewtonOptimizerWithQRTest)  Time elapsed: 0.003 sec  <<< FAILURE!
java.lang.AssertionError: 
Expected: not sameInstance(<{1; 2; 3}>)
     but: was <{1; 2; 3}>
	at org.hamcrest.MatcherAssert.assertThat(MatcherAssert.java:20)
	at org.junit.Assert.assertThat(Assert.java:956)
	at org.junit.Assert.assertThat(Assert.java:923)
	at org.apache.commons.math3.fitting.leastsquares.AbstractLeastSquaresOptimizerAbstractTest$2.converged(AbstractLeastSquaresOptimizerAbstractTest.java:547)
	at org.apache.commons.math3.fitting.leastsquares.AbstractLeastSquaresOptimizerAbstractTest$2.converged(AbstractLeastSquaresOptimizerAbstractTest.java:545)
	at org.apache.commons.math3.fitting.leastsquares.GaussNewtonOptimizer.optimize(GaussNewtonOptimizer.java:219)
	at org.apache.commons.math3.fitting.leastsquares.AbstractLeastSquaresOptimizerAbstractTest.__CLR4_2_0fw0sx21pru(AbstractLeastSquaresOptimizerAbstractTest.java:556)
	at org.apache.commons.math3.fitting.leastsquares.AbstractLeastSquaresOptimizerAbstractTest.testPointCopy(AbstractLeastSquaresOptimizerAbstractTest.java:535)
	at sun.reflect.NativeMethodAccessorImpl.invoke0(Native Method)
	at sun.reflect.NativeMethodAccessorImpl.invoke(NativeMethodAccessorImpl.java:62)
	at sun.reflect.DelegatingMethodAccessorImpl.invoke(DelegatingMethodAccessorImpl.java:43)
	at java.lang.reflect.Method.invoke(Method.java:498)
	at org.junit.runners.model.FrameworkMethod$1.runReflectiveCall(FrameworkMethod.java:50)
	at org.junit.internal.runners.model.ReflectiveCallable.run(ReflectiveCallable.java:12)
	at org.junit.runners.model.FrameworkMethod.invokeExplosively(FrameworkMethod.java:47)
	at org.junit.internal.runners.statements.InvokeMethod.evaluate(InvokeMethod.java:17)
	at org.junit.runners.ParentRunner.runLeaf(ParentRunner.java:325)
	at org.junit.runners.BlockJUnit4ClassRunner.runChild(BlockJUnit4ClassRunner.java:78)
	at org.junit.runners.BlockJUnit4ClassRunner.runChild(BlockJUnit4ClassRunner.java:57)
	at org.junit.runners.ParentRunner$3.run(ParentRunner.java:290)
	at org.junit.runners.ParentRunner$1.schedule(ParentRunner.java:71)
	at org.junit.runners.ParentRunner.runChildren(ParentRunner.java:288)
	at org.junit.runners.ParentRunner.access$000(ParentRunner.java:58)
	at org.junit.runners.ParentRunner$2.evaluate(ParentRunner.java:268)
	at org.junit.runners.ParentRunner.run(ParentRunner.java:363)
	at org.apache.maven.surefire.junit4.JUnit4Provider.execute(JUnit4Provider.java:264)
	at org.apache.maven.surefire.junit4.JUnit4Provider.executeTestSet(JUnit4Provider.java:153)
	at org.apache.maven.surefire.junit4.JUnit4Provider.invoke(JUnit4Provider.java:124)
	at org.apache.maven.surefire.booter.ForkedBooter.invokeProviderInSameClassLoader(ForkedBooter.java:200)
	at org.apache.maven.surefire.booter.ForkedBooter.runSuitesInProcess(ForkedBooter.java:153)
	at org.apache.maven.surefire.booter.ForkedBooter.main(ForkedBooter.java:103)

Running org.apache.commons.math3.fitting.leastsquares.LevenbergMarquardtOptimizerTest
Tests run: 23, Failures: 1, Errors: 0, Skipped: 0, Time elapsed: 2.096 sec <<< FAILURE! - in org.apache.commons.math3.fitting.leastsquares.LevenbergMarquardtOptimizerTest
testPointCopy(org.apache.commons.math3.fitting.leastsquares.LevenbergMarquardtOptimizerTest)  Time elapsed: 0.004 sec  <<< FAILURE!
org.junit.internal.ArrayComparisonFailure: arrays first differed at element [0]; expected:<0.0> but was:<0.9999999999999996>
	at org.junit.internal.ComparisonCriteria.arrayEquals(ComparisonCriteria.java:55)
	at org.junit.Assert.assertArrayEquals(Assert.java:469)
	at org.junit.Assert.assertArrayEquals(Assert.java:483)
	at org.apache.commons.math3.fitting.leastsquares.AbstractLeastSquaresOptimizerAbstractTest$2.converged(AbstractLeastSquaresOptimizerAbstractTest.java:550)
	at org.apache.commons.math3.fitting.leastsquares.AbstractLeastSquaresOptimizerAbstractTest$2.converged(AbstractLeastSquaresOptimizerAbstractTest.java:545)
	at org.apache.commons.math3.fitting.leastsquares.LevenbergMarquardtOptimizer.optimize(LevenbergMarquardtOptimizer.java:508)
	at org.apache.commons.math3.fitting.leastsquares.AbstractLeastSquaresOptimizerAbstractTest.__CLR4_2_0fw0sx21pru(AbstractLeastSquaresOptimizerAbstractTest.java:556)
	at org.apache.commons.math3.fitting.leastsquares.AbstractLeastSquaresOptimizerAbstractTest.testPointCopy(AbstractLeastSquaresOptimizerAbstractTest.java:535)
	at sun.reflect.NativeMethodAccessorImpl.invoke0(Native Method)
	at sun.reflect.NativeMethodAccessorImpl.invoke(NativeMethodAccessorImpl.java:62)
	at sun.reflect.DelegatingMethodAccessorImpl.invoke(DelegatingMethodAccessorImpl.java:43)
	at java.lang.reflect.Method.invoke(Method.java:498)
	at org.junit.runners.model.FrameworkMethod$1.runReflectiveCall(FrameworkMethod.java:50)
	at org.junit.internal.runners.model.ReflectiveCallable.run(ReflectiveCallable.java:12)
	at org.junit.runners.model.FrameworkMethod.invokeExplosively(FrameworkMethod.java:47)
	at org.junit.internal.runners.statements.InvokeMethod.evaluate(InvokeMethod.java:17)
	at org.junit.runners.ParentRunner.runLeaf(ParentRunner.java:325)
	at org.junit.runners.BlockJUnit4ClassRunner.runChild(BlockJUnit4ClassRunner.java:78)
	at org.junit.runners.BlockJUnit4ClassRunner.runChild(BlockJUnit4ClassRunner.java:57)
	at org.junit.runners.ParentRunner$3.run(ParentRunner.java:290)
	at org.junit.runners.ParentRunner$1.schedule(ParentRunner.java:71)
	at org.junit.runners.ParentRunner.runChildren(ParentRunner.java:288)
	at org.junit.runners.ParentRunner.access$000(ParentRunner.java:58)
	at org.junit.runners.ParentRunner$2.evaluate(ParentRunner.java:268)
	at org.junit.runners.ParentRunner.run(ParentRunner.java:363)
	at org.apache.maven.surefire.junit4.JUnit4Provider.execute(JUnit4Provider.java:264)
	at org.apache.maven.surefire.junit4.JUnit4Provider.executeTestSet(JUnit4Provider.java:153)
	at org.apache.maven.surefire.junit4.JUnit4Provider.invoke(JUnit4Provider.java:124)
	at org.apache.maven.surefire.booter.ForkedBooter.invokeProviderInSameClassLoader(ForkedBooter.java:200)
	at org.apache.maven.surefire.booter.ForkedBooter.runSuitesInProcess(ForkedBooter.java:153)
	at org.apache.maven.surefire.booter.ForkedBooter.main(ForkedBooter.java:103)
Caused by: java.lang.AssertionError: expected:<0.0> but was:<0.9999999999999996>
	at org.junit.Assert.fail(Assert.java:88)
	at org.junit.Assert.failNotEquals(Assert.java:834)
	at org.junit.Assert.assertEquals(Assert.java:553)
	at org.junit.Assert.assertEquals(Assert.java:683)
	at org.junit.internal.InexactComparisonCriteria.assertElementsEqual(InexactComparisonCriteria.java:19)
	at org.junit.internal.ComparisonCriteria.arrayEquals(ComparisonCriteria.java:53)
	at org.junit.Assert.assertArrayEquals(Assert.java:469)
	at org.junit.Assert.assertArrayEquals(Assert.java:483)
	at org.apache.commons.math3.fitting.leastsquares.AbstractLeastSquaresOptimizerAbstractTest$2.converged(AbstractLeastSquaresOptimizerAbstractTest.java:550)
	at org.apache.commons.math3.fitting.leastsquares.AbstractLeastSquaresOptimizerAbstractTest$2.converged(AbstractLeastSquaresOptimizerAbstractTest.java:545)
	at org.apache.commons.math3.fitting.leastsquares.LevenbergMarquardtOptimizer.optimize(LevenbergMarquardtOptimizer.java:508)
	at org.apache.commons.math3.fitting.leastsquares.AbstractLeastSquaresOptimizerAbstractTest.__CLR4_2_0fw0sx21pru(AbstractLeastSquaresOptimizerAbstractTest.java:556)
	at org.apache.commons.math3.fitting.leastsquares.AbstractLeastSquaresOptimizerAbstractTest.testPointCopy(AbstractLeastSquaresOptimizerAbstractTest.java:535)
	at sun.reflect.NativeMethodAccessorImpl.invoke0(Native Method)
	at sun.reflect.NativeMethodAccessorImpl.invoke(NativeMethodAccessorImpl.java:62)
	at sun.reflect.DelegatingMethodAccessorImpl.invoke(DelegatingMethodAccessorImpl.java:43)
	at java.lang.reflect.Method.invoke(Method.java:498)
	at org.junit.runners.model.FrameworkMethod$1.runReflectiveCall(FrameworkMethod.java:50)
	at org.junit.internal.runners.model.ReflectiveCallable.run(ReflectiveCallable.java:12)
	at org.junit.runners.model.FrameworkMethod.invokeExplosively(FrameworkMethod.java:47)
	at org.junit.internal.runners.statements.InvokeMethod.evaluate(InvokeMethod.java:17)
	at org.junit.runners.ParentRunner.runLeaf(ParentRunner.java:325)
	at org.junit.runners.BlockJUnit4ClassRunner.runChild(BlockJUnit4ClassRunner.java:78)
	at org.junit.runners.BlockJUnit4ClassRunner.runChild(BlockJUnit4ClassRunner.java:57)
	at org.junit.runners.ParentRunner$3.run(ParentRunner.java:290)
	at org.junit.runners.ParentRunner$1.schedule(ParentRunner.java:71)
	at org.junit.runners.ParentRunner.runChildren(ParentRunner.java:288)
	at org.junit.runners.ParentRunner.access$000(ParentRunner.java:58)
	at org.junit.runners.ParentRunner$2.evaluate(ParentRunner.java:268)
	at org.junit.runners.ParentRunner.run(ParentRunner.java:363)
	at org.apache.maven.surefire.junit4.JUnit4Provider.execute(JUnit4Provider.java:264)
	at org.apache.maven.surefire.junit4.JUnit4Provider.executeTestSet(JUnit4Provider.java:153)
	at org.apache.maven.surefire.junit4.JUnit4Provider.invoke(JUnit4Provider.java:124)
	at org.apache.maven.surefire.booter.ForkedBooter.invokeProviderInSameClassLoader(ForkedBooter.java:200)
	at org.apache.maven.surefire.booter.ForkedBooter.runSuitesInProcess(ForkedBooter.java:153)
	at org.apache.maven.surefire.booter.ForkedBooter.main(ForkedBooter.java:103)

Running org.apache.commons.math3.fitting.leastsquares.MinpackTest
Tests run: 18, Failures: 0, Errors: 0, Skipped: 0, Time elapsed: 2.183 sec - in org.apache.commons.math3.fitting.leastsquares.MinpackTest
Running org.apache.commons.math3.fitting.GaussianCurveFitterTest
Tests run: 12, Failures: 0, Errors: 0, Skipped: 0, Time elapsed: 0.386 sec - in org.apache.commons.math3.fitting.GaussianCurveFitterTest
Running org.apache.commons.math3.fitting.PolynomialFitterTest
Tests run: 9, Failures: 0, Errors: 0, Skipped: 0, Time elapsed: 42.828 sec - in org.apache.commons.math3.fitting.PolynomialFitterTest
Running org.apache.commons.math3.fitting.PolynomialCurveFitterTest
Tests run: 5, Failures: 0, Errors: 0, Skipped: 0, Time elapsed: 36.751 sec - in org.apache.commons.math3.fitting.PolynomialCurveFitterTest
Running org.apache.commons.math3.fitting.HarmonicCurveFitterTest
Tests run: 7, Failures: 0, Errors: 0, Skipped: 0, Time elapsed: 0.198 sec - in org.apache.commons.math3.fitting.HarmonicCurveFitterTest
Running org.apache.commons.math3.ode.FirstOrderConverterTest
Tests run: 4, Failures: 0, Errors: 0, Skipped: 0, Time elapsed: 0.282 sec - in org.apache.commons.math3.ode.FirstOrderConverterTest
Running org.apache.commons.math3.ode.sampling.StepNormalizerOutputTest
Tests run: 16, Failures: 0, Errors: 0, Skipped: 0, Time elapsed: 0.062 sec - in org.apache.commons.math3.ode.sampling.StepNormalizerOutputTest
Running org.apache.commons.math3.ode.sampling.StepNormalizerOutputOverlapTest
Tests run: 16, Failures: 0, Errors: 0, Skipped: 0, Time elapsed: 0.043 sec - in org.apache.commons.math3.ode.sampling.StepNormalizerOutputOverlapTest
Running org.apache.commons.math3.ode.sampling.StepNormalizerTest
Tests run: 2, Failures: 0, Errors: 0, Skipped: 0, Time elapsed: 0.071 sec - in org.apache.commons.math3.ode.sampling.StepNormalizerTest
Running org.apache.commons.math3.ode.sampling.NordsieckStepInterpolatorTest
Tests run: 2, Failures: 0, Errors: 0, Skipped: 0, Time elapsed: 0.339 sec - in org.apache.commons.math3.ode.sampling.NordsieckStepInterpolatorTest
Running org.apache.commons.math3.ode.sampling.DummyStepInterpolatorTest
Tests run: 4, Failures: 0, Errors: 0, Skipped: 0, Time elapsed: 0.005 sec - in org.apache.commons.math3.ode.sampling.DummyStepInterpolatorTest
Running org.apache.commons.math3.ode.ContinuousOutputModelTest
Tests run: 4, Failures: 0, Errors: 0, Skipped: 0, Time elapsed: 0.145 sec - in org.apache.commons.math3.ode.ContinuousOutputModelTest
Running org.apache.commons.math3.ode.events.EventFilterTest
Tests run: 7, Failures: 0, Errors: 0, Skipped: 0, Time elapsed: 1.678 sec - in org.apache.commons.math3.ode.events.EventFilterTest
Running org.apache.commons.math3.ode.events.OverlappingEventsTest
Tests run: 2, Failures: 0, Errors: 0, Skipped: 0, Time elapsed: 0.045 sec - in org.apache.commons.math3.ode.events.OverlappingEventsTest
Running org.apache.commons.math3.ode.events.EventStateTest
Tests run: 3, Failures: 0, Errors: 0, Skipped: 0, Time elapsed: 0.016 sec - in org.apache.commons.math3.ode.events.EventStateTest
Running org.apache.commons.math3.ode.events.ReappearingEventTest
Tests run: 2, Failures: 0, Errors: 0, Skipped: 0, Time elapsed: 0.005 sec - in org.apache.commons.math3.ode.events.ReappearingEventTest
Running org.apache.commons.math3.ode.nonstiff.HighamHall54StepInterpolatorTest
Tests run: 3, Failures: 0, Errors: 0, Skipped: 0, Time elapsed: 0.282 sec - in org.apache.commons.math3.ode.nonstiff.HighamHall54StepInterpolatorTest
Running org.apache.commons.math3.ode.nonstiff.MidpointIntegratorTest
Tests run: 6, Failures: 0, Errors: 0, Skipped: 0, Time elapsed: 2.069 sec - in org.apache.commons.math3.ode.nonstiff.MidpointIntegratorTest
Running org.apache.commons.math3.ode.nonstiff.ThreeEighthesStepInterpolatorTest
Tests run: 2, Failures: 0, Errors: 0, Skipped: 0, Time elapsed: 0.388 sec - in org.apache.commons.math3.ode.nonstiff.ThreeEighthesStepInterpolatorTest
Running org.apache.commons.math3.ode.nonstiff.EulerIntegratorTest
Tests run: 6, Failures: 0, Errors: 0, Skipped: 0, Time elapsed: 0.693 sec - in org.apache.commons.math3.ode.nonstiff.EulerIntegratorTest
Running org.apache.commons.math3.ode.nonstiff.AdamsMoultonIntegratorTest
Tests run: 6, Failures: 0, Errors: 0, Skipped: 0, Time elapsed: 0.784 sec - in org.apache.commons.math3.ode.nonstiff.AdamsMoultonIntegratorTest
Running org.apache.commons.math3.ode.nonstiff.MidpointStepInterpolatorTest
Tests run: 2, Failures: 0, Errors: 0, Skipped: 0, Time elapsed: 0.082 sec - in org.apache.commons.math3.ode.nonstiff.MidpointStepInterpolatorTest
Running org.apache.commons.math3.ode.nonstiff.HighamHall54IntegratorTest
Tests run: 9, Failures: 0, Errors: 0, Skipped: 0, Time elapsed: 0.95 sec - in org.apache.commons.math3.ode.nonstiff.HighamHall54IntegratorTest
Running org.apache.commons.math3.ode.nonstiff.GillIntegratorTest
Tests run: 8, Failures: 0, Errors: 0, Skipped: 0, Time elapsed: 2.301 sec - in org.apache.commons.math3.ode.nonstiff.GillIntegratorTest
Running org.apache.commons.math3.ode.nonstiff.DormandPrince853StepInterpolatorTest
Tests run: 3, Failures: 0, Errors: 0, Skipped: 0, Time elapsed: 0.142 sec - in org.apache.commons.math3.ode.nonstiff.DormandPrince853StepInterpolatorTest
Running org.apache.commons.math3.ode.nonstiff.AdamsBashforthIntegratorTest
Tests run: 6, Failures: 0, Errors: 0, Skipped: 0, Time elapsed: 0.769 sec - in org.apache.commons.math3.ode.nonstiff.AdamsBashforthIntegratorTest
Running org.apache.commons.math3.ode.nonstiff.ClassicalRungeKuttaIntegratorTest
Tests run: 8, Failures: 0, Errors: 0, Skipped: 0, Time elapsed: 2.15 sec - in org.apache.commons.math3.ode.nonstiff.ClassicalRungeKuttaIntegratorTest
Running org.apache.commons.math3.ode.nonstiff.DormandPrince853IntegratorTest
Tests run: 12, Failures: 0, Errors: 0, Skipped: 0, Time elapsed: 0.205 sec - in org.apache.commons.math3.ode.nonstiff.DormandPrince853IntegratorTest
Running org.apache.commons.math3.ode.nonstiff.EulerStepInterpolatorTest
Tests run: 5, Failures: 0, Errors: 0, Skipped: 0, Time elapsed: 0.065 sec - in org.apache.commons.math3.ode.nonstiff.EulerStepInterpolatorTest
Running org.apache.commons.math3.ode.nonstiff.DormandPrince54StepInterpolatorTest
Tests run: 3, Failures: 0, Errors: 0, Skipped: 0, Time elapsed: 0.174 sec - in org.apache.commons.math3.ode.nonstiff.DormandPrince54StepInterpolatorTest
Running org.apache.commons.math3.ode.nonstiff.ClassicalRungeKuttaStepInterpolatorTest
Tests run: 2, Failures: 0, Errors: 0, Skipped: 0, Time elapsed: 0.235 sec - in org.apache.commons.math3.ode.nonstiff.ClassicalRungeKuttaStepInterpolatorTest
Running org.apache.commons.math3.ode.nonstiff.GillStepInterpolatorTest
Tests run: 2, Failures: 0, Errors: 0, Skipped: 0, Time elapsed: 0.278 sec - in org.apache.commons.math3.ode.nonstiff.GillStepInterpolatorTest
Running org.apache.commons.math3.ode.nonstiff.ThreeEighthesIntegratorTest
Tests run: 7, Failures: 0, Errors: 0, Skipped: 0, Time elapsed: 2.552 sec - in org.apache.commons.math3.ode.nonstiff.ThreeEighthesIntegratorTest
Running org.apache.commons.math3.ode.nonstiff.GraggBulirschStoerStepInterpolatorTest
Tests run: 3, Failures: 0, Errors: 0, Skipped: 0, Time elapsed: 0.268 sec - in org.apache.commons.math3.ode.nonstiff.GraggBulirschStoerStepInterpolatorTest
Running org.apache.commons.math3.ode.nonstiff.DormandPrince54IntegratorTest
Tests run: 8, Failures: 0, Errors: 0, Skipped: 0, Time elapsed: 0.437 sec - in org.apache.commons.math3.ode.nonstiff.DormandPrince54IntegratorTest
Running org.apache.commons.math3.ode.JacobianMatricesTest
Tests run: 6, Failures: 0, Errors: 0, Skipped: 0, Time elapsed: 15.126 sec - in org.apache.commons.math3.ode.JacobianMatricesTest
Running org.apache.commons.math3.transform.FastHadamardTransformerTest
Tests run: 4, Failures: 0, Errors: 0, Skipped: 0, Time elapsed: 0.006 sec - in org.apache.commons.math3.transform.FastHadamardTransformerTest
Running org.apache.commons.math3.transform.FastSineTransformerTest
Tests run: 20, Failures: 0, Errors: 0, Skipped: 0, Time elapsed: 0.167 sec - in org.apache.commons.math3.transform.FastSineTransformerTest
Running org.apache.commons.math3.transform.FastCosineTransformerTest
Tests run: 18, Failures: 0, Errors: 0, Skipped: 0, Time elapsed: 0.111 sec - in org.apache.commons.math3.transform.FastCosineTransformerTest
Running org.apache.commons.math3.transform.FastFourierTransformerTest
Tests run: 12, Failures: 0, Errors: 0, Skipped: 0, Time elapsed: 0.31 sec - in org.apache.commons.math3.transform.FastFourierTransformerTest
Running org.apache.commons.math3.dfp.BracketingNthOrderBrentSolverDFPTest
Tests run: 4, Failures: 0, Errors: 0, Skipped: 0, Time elapsed: 17.682 sec - in org.apache.commons.math3.dfp.BracketingNthOrderBrentSolverDFPTest
Running org.apache.commons.math3.dfp.DfpMathTest
Tests run: 2, Failures: 0, Errors: 0, Skipped: 0, Time elapsed: 0.061 sec - in org.apache.commons.math3.dfp.DfpMathTest
Running org.apache.commons.math3.dfp.DfpDecTest
Tests run: 3, Failures: 0, Errors: 0, Skipped: 0, Time elapsed: 0.022 sec - in org.apache.commons.math3.dfp.DfpDecTest
Running org.apache.commons.math3.dfp.DfpTest
Tests run: 77, Failures: 0, Errors: 0, Skipped: 0, Time elapsed: 39.052 sec - in org.apache.commons.math3.dfp.DfpTest
Running org.apache.commons.math3.analysis.function.StepFunctionTest
Tests run: 9, Failures: 0, Errors: 0, Skipped: 0, Time elapsed: 0.008 sec - in org.apache.commons.math3.analysis.function.StepFunctionTest
Running org.apache.commons.math3.analysis.function.SqrtTest
Tests run: 3, Failures: 0, Errors: 0, Skipped: 0, Time elapsed: 0.02 sec - in org.apache.commons.math3.analysis.function.SqrtTest
Running org.apache.commons.math3.analysis.function.SigmoidTest
Tests run: 9, Failures: 0, Errors: 0, Skipped: 0, Time elapsed: 0.007 sec - in org.apache.commons.math3.analysis.function.SigmoidTest
Running org.apache.commons.math3.analysis.function.GaussianTest
Tests run: 14, Failures: 0, Errors: 0, Skipped: 0, Time elapsed: 0.009 sec - in org.apache.commons.math3.analysis.function.GaussianTest
Running org.apache.commons.math3.analysis.function.LogisticTest
Tests run: 14, Failures: 0, Errors: 0, Skipped: 0, Time elapsed: 0.028 sec - in org.apache.commons.math3.analysis.function.LogisticTest
Running org.apache.commons.math3.analysis.function.LogitTest
Tests run: 15, Failures: 0, Errors: 0, Skipped: 0, Time elapsed: 0.016 sec - in org.apache.commons.math3.analysis.function.LogitTest
Running org.apache.commons.math3.analysis.function.SincTest
Tests run: 8, Failures: 0, Errors: 0, Skipped: 0, Time elapsed: 0.851 sec - in org.apache.commons.math3.analysis.function.SincTest
Running org.apache.commons.math3.analysis.function.HarmonicOscillatorTest
Tests run: 8, Failures: 0, Errors: 0, Skipped: 0, Time elapsed: 0.009 sec - in org.apache.commons.math3.analysis.function.HarmonicOscillatorTest
Running org.apache.commons.math3.analysis.polynomials.PolynomialFunctionLagrangeFormTest
Tests run: 4, Failures: 0, Errors: 0, Skipped: 0, Time elapsed: 0.005 sec - in org.apache.commons.math3.analysis.polynomials.PolynomialFunctionLagrangeFormTest
Running org.apache.commons.math3.analysis.polynomials.PolynomialSplineFunctionTest
Tests run: 3, Failures: 0, Errors: 0, Skipped: 0, Time elapsed: 0.004 sec - in org.apache.commons.math3.analysis.polynomials.PolynomialSplineFunctionTest
Running org.apache.commons.math3.analysis.polynomials.PolynomialFunctionTest
Tests run: 11, Failures: 0, Errors: 0, Skipped: 0, Time elapsed: 0.009 sec - in org.apache.commons.math3.analysis.polynomials.PolynomialFunctionTest
Running org.apache.commons.math3.analysis.polynomials.PolynomialsUtilsTest
Tests run: 18, Failures: 0, Errors: 0, Skipped: 0, Time elapsed: 29.44 sec - in org.apache.commons.math3.analysis.polynomials.PolynomialsUtilsTest
Running org.apache.commons.math3.analysis.polynomials.PolynomialFunctionNewtonFormTest
Tests run: 5, Failures: 0, Errors: 0, Skipped: 0, Time elapsed: 0.01 sec - in org.apache.commons.math3.analysis.polynomials.PolynomialFunctionNewtonFormTest
Running org.apache.commons.math3.analysis.FunctionUtilsTest
Tests run: 18, Failures: 0, Errors: 0, Skipped: 0, Time elapsed: 0.315 sec - in org.apache.commons.math3.analysis.FunctionUtilsTest
Running org.apache.commons.math3.analysis.integration.TrapezoidIntegratorTest
Tests run: 3, Failures: 0, Errors: 0, Skipped: 0, Time elapsed: 0.031 sec - in org.apache.commons.math3.analysis.integration.TrapezoidIntegratorTest
Running org.apache.commons.math3.analysis.integration.gauss.BaseRuleFactoryTest
Tests run: 1, Failures: 0, Errors: 0, Skipped: 0, Time elapsed: 0.028 sec - in org.apache.commons.math3.analysis.integration.gauss.BaseRuleFactoryTest
Running org.apache.commons.math3.analysis.integration.gauss.GaussIntegratorTest
Tests run: 3, Failures: 0, Errors: 0, Skipped: 0, Time elapsed: 0.002 sec - in org.apache.commons.math3.analysis.integration.gauss.GaussIntegratorTest
Running org.apache.commons.math3.analysis.integration.gauss.LegendreHighPrecisionTest
Tests run: 2, Failures: 0, Errors: 0, Skipped: 0, Time elapsed: 10.438 sec - in org.apache.commons.math3.analysis.integration.gauss.LegendreHighPrecisionTest
Running org.apache.commons.math3.analysis.integration.gauss.HermiteParametricTest
Tests run: 30, Failures: 0, Errors: 0, Skipped: 0, Time elapsed: 0.371 sec - in org.apache.commons.math3.analysis.integration.gauss.HermiteParametricTest
Running org.apache.commons.math3.analysis.integration.gauss.LegendreTest
Tests run: 2, Failures: 0, Errors: 0, Skipped: 0, Time elapsed: 0.483 sec - in org.apache.commons.math3.analysis.integration.gauss.LegendreTest
Running org.apache.commons.math3.analysis.integration.gauss.LegendreParametricTest
Tests run: 30, Failures: 0, Errors: 0, Skipped: 0, Time elapsed: 0.263 sec - in org.apache.commons.math3.analysis.integration.gauss.LegendreParametricTest
Running org.apache.commons.math3.analysis.integration.gauss.HermiteTest
Tests run: 3, Failures: 0, Errors: 0, Skipped: 0, Time elapsed: 0.004 sec - in org.apache.commons.math3.analysis.integration.gauss.HermiteTest
Running org.apache.commons.math3.analysis.integration.gauss.LegendreHighPrecisionParametricTest
Tests run: 30, Failures: 0, Errors: 0, Skipped: 0, Time elapsed: 1.472 sec - in org.apache.commons.math3.analysis.integration.gauss.LegendreHighPrecisionParametricTest
Running org.apache.commons.math3.analysis.integration.IterativeLegendreGaussIntegratorTest
Tests run: 5, Failures: 0, Errors: 0, Skipped: 0, Time elapsed: 67.863 sec - in org.apache.commons.math3.analysis.integration.IterativeLegendreGaussIntegratorTest
Running org.apache.commons.math3.analysis.integration.SimpsonIntegratorTest
Tests run: 3, Failures: 0, Errors: 0, Skipped: 0, Time elapsed: 0.004 sec - in org.apache.commons.math3.analysis.integration.SimpsonIntegratorTest
Running org.apache.commons.math3.analysis.integration.RombergIntegratorTest
Tests run: 3, Failures: 0, Errors: 0, Skipped: 0, Time elapsed: 0.003 sec - in org.apache.commons.math3.analysis.integration.RombergIntegratorTest
Running org.apache.commons.math3.analysis.integration.LegendreGaussIntegratorTest
Tests run: 4, Failures: 0, Errors: 0, Skipped: 0, Time elapsed: 22.389 sec - in org.apache.commons.math3.analysis.integration.LegendreGaussIntegratorTest
Running org.apache.commons.math3.analysis.integration.MidPointIntegratorTest
Tests run: 4, Failures: 0, Errors: 0, Skipped: 0, Time elapsed: 15.205 sec - in org.apache.commons.math3.analysis.integration.MidPointIntegratorTest
Running org.apache.commons.math3.analysis.solvers.MullerSolver2Test
Tests run: 4, Failures: 0, Errors: 0, Skipped: 0, Time elapsed: 0.007 sec - in org.apache.commons.math3.analysis.solvers.MullerSolver2Test
Running org.apache.commons.math3.analysis.solvers.UnivariateSolverUtilsTest
Tests run: 14, Failures: 0, Errors: 0, Skipped: 0, Time elapsed: 0.01 sec - in org.apache.commons.math3.analysis.solvers.UnivariateSolverUtilsTest
Running org.apache.commons.math3.analysis.solvers.BracketingNthOrderBrentSolverTest
Tests run: 15, Failures: 0, Errors: 0, Skipped: 0, Time elapsed: 0.024 sec - in org.apache.commons.math3.analysis.solvers.BracketingNthOrderBrentSolverTest
Running org.apache.commons.math3.analysis.solvers.MullerSolverTest
Tests run: 4, Failures: 0, Errors: 0, Skipped: 0, Time elapsed: 0.006 sec - in org.apache.commons.math3.analysis.solvers.MullerSolverTest
Running org.apache.commons.math3.analysis.solvers.NewtonSolverTest
Tests run: 2, Failures: 0, Errors: 0, Skipped: 0, Time elapsed: 0.005 sec - in org.apache.commons.math3.analysis.solvers.NewtonSolverTest
Running org.apache.commons.math3.analysis.solvers.BisectionSolverTest
Tests run: 3, Failures: 0, Errors: 0, Skipped: 0, Time elapsed: 0.006 sec - in org.apache.commons.math3.analysis.solvers.BisectionSolverTest
Running org.apache.commons.math3.analysis.solvers.LaguerreSolverTest
Tests run: 5, Failures: 0, Errors: 0, Skipped: 0, Time elapsed: 0.017 sec - in org.apache.commons.math3.analysis.solvers.LaguerreSolverTest
Running org.apache.commons.math3.analysis.solvers.SecantSolverTest
Tests run: 8, Failures: 0, Errors: 0, Skipped: 0, Time elapsed: 0.017 sec - in org.apache.commons.math3.analysis.solvers.SecantSolverTest
Running org.apache.commons.math3.analysis.solvers.PegasusSolverTest
Tests run: 8, Failures: 0, Errors: 0, Skipped: 0, Time elapsed: 0.012 sec - in org.apache.commons.math3.analysis.solvers.PegasusSolverTest
Running org.apache.commons.math3.analysis.solvers.RegulaFalsiSolverTest
Tests run: 9, Failures: 0, Errors: 0, Skipped: 0, Time elapsed: 0.064 sec - in org.apache.commons.math3.analysis.solvers.RegulaFalsiSolverTest
Running org.apache.commons.math3.analysis.solvers.NewtonRaphsonSolverTest
Tests run: 2, Failures: 0, Errors: 0, Skipped: 0, Time elapsed: 0.003 sec - in org.apache.commons.math3.analysis.solvers.NewtonRaphsonSolverTest
Running org.apache.commons.math3.analysis.solvers.RiddersSolverTest
Tests run: 4, Failures: 0, Errors: 0, Skipped: 0, Time elapsed: 0.005 sec - in org.apache.commons.math3.analysis.solvers.RiddersSolverTest
Running org.apache.commons.math3.analysis.solvers.IllinoisSolverTest
Tests run: 8, Failures: 0, Errors: 0, Skipped: 0, Time elapsed: 0.009 sec - in org.apache.commons.math3.analysis.solvers.IllinoisSolverTest
Running org.apache.commons.math3.analysis.solvers.BrentSolverTest
Tests run: 6, Failures: 0, Errors: 0, Skipped: 0, Time elapsed: 0.011 sec - in org.apache.commons.math3.analysis.solvers.BrentSolverTest
Running org.apache.commons.math3.analysis.interpolation.UnivariatePeriodicInterpolatorTest
Tests run: 5, Failures: 0, Errors: 0, Skipped: 0, Time elapsed: 0.008 sec - in org.apache.commons.math3.analysis.interpolation.UnivariatePeriodicInterpolatorTest
Running org.apache.commons.math3.analysis.interpolation.NevilleInterpolatorTest
Tests run: 3, Failures: 0, Errors: 0, Skipped: 0, Time elapsed: 0.004 sec - in org.apache.commons.math3.analysis.interpolation.NevilleInterpolatorTest
Running org.apache.commons.math3.analysis.interpolation.SplineInterpolatorTest
Tests run: 5, Failures: 0, Errors: 0, Skipped: 0, Time elapsed: 0.005 sec - in org.apache.commons.math3.analysis.interpolation.SplineInterpolatorTest
Running org.apache.commons.math3.analysis.interpolation.HermiteInterpolatorTest
Tests run: 11, Failures: 0, Errors: 0, Skipped: 0, Time elapsed: 0.35 sec - in org.apache.commons.math3.analysis.interpolation.HermiteInterpolatorTest
Running org.apache.commons.math3.analysis.interpolation.FieldHermiteInterpolatorTest
Tests run: 12, Failures: 0, Errors: 0, Skipped: 0, Time elapsed: 64.812 sec - in org.apache.commons.math3.analysis.interpolation.FieldHermiteInterpolatorTest
Running org.apache.commons.math3.analysis.interpolation.BicubicSplineInterpolatorTest
Tests run: 3, Failures: 0, Errors: 0, Skipped: 0, Time elapsed: 0.125 sec - in org.apache.commons.math3.analysis.interpolation.BicubicSplineInterpolatorTest
Running org.apache.commons.math3.analysis.interpolation.TricubicSplineInterpolatorTest
Tests run: 3, Failures: 0, Errors: 0, Skipped: 2, Time elapsed: 0.079 sec - in org.apache.commons.math3.analysis.interpolation.TricubicSplineInterpolatorTest
Running org.apache.commons.math3.analysis.interpolation.TricubicSplineInterpolatingFunctionTest
Tests run: 3, Failures: 0, Errors: 0, Skipped: 0, Time elapsed: 0.086 sec - in org.apache.commons.math3.analysis.interpolation.TricubicSplineInterpolatingFunctionTest
Running org.apache.commons.math3.analysis.interpolation.LoessInterpolatorTest
Tests run: 20, Failures: 0, Errors: 0, Skipped: 0, Time elapsed: 0.202 sec - in org.apache.commons.math3.analysis.interpolation.LoessInterpolatorTest
Running org.apache.commons.math3.analysis.interpolation.BicubicSplineInterpolatingFunctionTest
Tests run: 8, Failures: 0, Errors: 0, Skipped: 4, Time elapsed: 0.047 sec - in org.apache.commons.math3.analysis.interpolation.BicubicSplineInterpolatingFunctionTest
Running org.apache.commons.math3.analysis.interpolation.MicrosphereInterpolatorTest
Tests run: 2, Failures: 0, Errors: 0, Skipped: 0, Time elapsed: 4.288 sec - in org.apache.commons.math3.analysis.interpolation.MicrosphereInterpolatorTest
Running org.apache.commons.math3.analysis.interpolation.SmoothingPolynomialBicubicSplineInterpolatorTest
Tests run: 3, Failures: 0, Errors: 0, Skipped: 0, Time elapsed: 0.017 sec - in org.apache.commons.math3.analysis.interpolation.SmoothingPolynomialBicubicSplineInterpolatorTest
Running org.apache.commons.math3.analysis.interpolation.LinearInterpolatorTest
Tests run: 4, Failures: 0, Errors: 0, Skipped: 0, Time elapsed: 0.003 sec - in org.apache.commons.math3.analysis.interpolation.LinearInterpolatorTest
Running org.apache.commons.math3.analysis.interpolation.DividedDifferenceInterpolatorTest
Tests run: 3, Failures: 0, Errors: 0, Skipped: 0, Time elapsed: 0.003 sec - in org.apache.commons.math3.analysis.interpolation.DividedDifferenceInterpolatorTest
Running org.apache.commons.math3.analysis.differentiation.JacobianFunctionTest
Tests run: 1, Failures: 0, Errors: 0, Skipped: 0, Time elapsed: 0.157 sec - in org.apache.commons.math3.analysis.differentiation.JacobianFunctionTest
Running org.apache.commons.math3.analysis.differentiation.DerivativeStructureTest
Tests run: 124, Failures: 0, Errors: 0, Skipped: 0, Time elapsed: 19.674 sec - in org.apache.commons.math3.analysis.differentiation.DerivativeStructureTest
Running org.apache.commons.math3.analysis.differentiation.DSCompilerTest
Tests run: 7, Failures: 0, Errors: 0, Skipped: 0, Time elapsed: 0.131 sec - in org.apache.commons.math3.analysis.differentiation.DSCompilerTest
Running org.apache.commons.math3.analysis.differentiation.FiniteDifferencesDifferentiatorTest
Tests run: 16, Failures: 0, Errors: 0, Skipped: 0, Time elapsed: 0.527 sec - in org.apache.commons.math3.analysis.differentiation.FiniteDifferencesDifferentiatorTest
Running org.apache.commons.math3.analysis.differentiation.SparseGradientTest
Tests run: 120, Failures: 0, Errors: 0, Skipped: 0, Time elapsed: 2.053 sec - in org.apache.commons.math3.analysis.differentiation.SparseGradientTest
Running org.apache.commons.math3.analysis.differentiation.GradientFunctionTest
Tests run: 2, Failures: 0, Errors: 0, Skipped: 0, Time elapsed: 2.074 sec - in org.apache.commons.math3.analysis.differentiation.GradientFunctionTest
Running org.apache.commons.math3.distribution.ParetoDistributionTest
Tests run: 19, Failures: 0, Errors: 0, Skipped: 0, Time elapsed: 0.972 sec - in org.apache.commons.math3.distribution.ParetoDistributionTest
Running org.apache.commons.math3.distribution.FDistributionTest
Tests run: 19, Failures: 0, Errors: 0, Skipped: 0, Time elapsed: 1.517 sec - in org.apache.commons.math3.distribution.FDistributionTest
Running org.apache.commons.math3.distribution.TDistributionTest
Tests run: 18, Failures: 0, Errors: 0, Skipped: 0, Time elapsed: 0.695 sec - in org.apache.commons.math3.distribution.TDistributionTest
Running org.apache.commons.math3.distribution.KolmogorovSmirnovDistributionTest
Tests run: 1, Failures: 0, Errors: 0, Skipped: 0, Time elapsed: 1.773 sec - in org.apache.commons.math3.distribution.KolmogorovSmirnovDistributionTest
Running org.apache.commons.math3.distribution.ChiSquaredDistributionTest
Tests run: 15, Failures: 0, Errors: 0, Skipped: 0, Time elapsed: 0.448 sec - in org.apache.commons.math3.distribution.ChiSquaredDistributionTest
Running org.apache.commons.math3.distribution.EnumeratedIntegerDistributionTest
Tests run: 9, Failures: 0, Errors: 0, Skipped: 0, Time elapsed: 2.746 sec - in org.apache.commons.math3.distribution.EnumeratedIntegerDistributionTest
Running org.apache.commons.math3.distribution.GeometricDistributionTest
Tests run: 8, Failures: 0, Errors: 0, Skipped: 0, Time elapsed: 0.038 sec - in org.apache.commons.math3.distribution.GeometricDistributionTest
Running org.apache.commons.math3.distribution.CauchyDistributionTest
Tests run: 16, Failures: 0, Errors: 0, Skipped: 0, Time elapsed: 0.327 sec - in org.apache.commons.math3.distribution.CauchyDistributionTest
Running org.apache.commons.math3.distribution.ExponentialDistributionTest
Tests run: 18, Failures: 0, Errors: 0, Skipped: 0, Time elapsed: 0.033 sec - in org.apache.commons.math3.distribution.ExponentialDistributionTest
Running org.apache.commons.math3.distribution.BinomialDistributionTest
Tests run: 11, Failures: 0, Errors: 0, Skipped: 0, Time elapsed: 8.74 sec - in org.apache.commons.math3.distribution.BinomialDistributionTest
Running org.apache.commons.math3.distribution.fitting.MultivariateNormalMixtureExpectationMaximizationTest
Tests run: 9, Failures: 0, Errors: 0, Skipped: 0, Time elapsed: 0.411 sec - in org.apache.commons.math3.distribution.fitting.MultivariateNormalMixtureExpectationMaximizationTest
Running org.apache.commons.math3.distribution.MultivariateNormalDistributionTest
Tests run: 5, Failures: 0, Errors: 0, Skipped: 0, Time elapsed: 9.772 sec - in org.apache.commons.math3.distribution.MultivariateNormalDistributionTest
Running org.apache.commons.math3.distribution.PoissonDistributionTest
Tests run: 15, Failures: 0, Errors: 0, Skipped: 0, Time elapsed: 0.154 sec - in org.apache.commons.math3.distribution.PoissonDistributionTest
Running org.apache.commons.math3.distribution.GammaDistributionTest
Tests run: 24, Failures: 0, Errors: 0, Skipped: 0, Time elapsed: 0.593 sec - in org.apache.commons.math3.distribution.GammaDistributionTest
Running org.apache.commons.math3.distribution.EnumeratedRealDistributionTest
Tests run: 14, Failures: 0, Errors: 0, Skipped: 0, Time elapsed: 2.822 sec - in org.apache.commons.math3.distribution.EnumeratedRealDistributionTest
Running org.apache.commons.math3.distribution.UniformIntegerDistributionTest
Tests run: 8, Failures: 0, Errors: 0, Skipped: 0, Time elapsed: 0.016 sec - in org.apache.commons.math3.distribution.UniformIntegerDistributionTest
Running org.apache.commons.math3.distribution.ZipfDistributionTest
Tests run: 10, Failures: 0, Errors: 0, Skipped: 0, Time elapsed: 0.293 sec - in org.apache.commons.math3.distribution.ZipfDistributionTest
Running org.apache.commons.math3.distribution.WeibullDistributionTest
Tests run: 16, Failures: 0, Errors: 0, Skipped: 0, Time elapsed: 0.736 sec - in org.apache.commons.math3.distribution.WeibullDistributionTest
Running org.apache.commons.math3.distribution.LevyDistributionTest
Tests run: 13, Failures: 0, Errors: 0, Skipped: 0, Time elapsed: 0.067 sec - in org.apache.commons.math3.distribution.LevyDistributionTest
Running org.apache.commons.math3.distribution.HypergeometricDistributionTest
Tests run: 17, Failures: 0, Errors: 0, Skipped: 0, Time elapsed: 0.212 sec - in org.apache.commons.math3.distribution.HypergeometricDistributionTest
Running org.apache.commons.math3.distribution.LogNormalDistributionTest
Tests run: 20, Failures: 0, Errors: 0, Skipped: 0, Time elapsed: 3.945 sec - in org.apache.commons.math3.distribution.LogNormalDistributionTest
Running org.apache.commons.math3.distribution.AbstractIntegerDistributionTest
Tests run: 2, Failures: 0, Errors: 0, Skipped: 0, Time elapsed: 0.002 sec - in org.apache.commons.math3.distribution.AbstractIntegerDistributionTest
Running org.apache.commons.math3.distribution.AbstractRealDistributionTest
Tests run: 2, Failures: 0, Errors: 0, Skipped: 0, Time elapsed: 3.104 sec - in org.apache.commons.math3.distribution.AbstractRealDistributionTest
Running org.apache.commons.math3.distribution.NormalDistributionTest
Tests run: 20, Failures: 0, Errors: 0, Skipped: 0, Time elapsed: 0.074 sec - in org.apache.commons.math3.distribution.NormalDistributionTest
Running org.apache.commons.math3.distribution.BetaDistributionTest
Tests run: 3, Failures: 0, Errors: 0, Skipped: 0, Time elapsed: 0.147 sec - in org.apache.commons.math3.distribution.BetaDistributionTest
Running org.apache.commons.math3.distribution.PascalDistributionTest
Tests run: 10, Failures: 0, Errors: 0, Skipped: 0, Time elapsed: 0.203 sec - in org.apache.commons.math3.distribution.PascalDistributionTest
Running org.apache.commons.math3.distribution.MultivariateNormalMixtureModelDistributionTest
Tests run: 5, Failures: 0, Errors: 0, Skipped: 0, Time elapsed: 0.012 sec - in org.apache.commons.math3.distribution.MultivariateNormalMixtureModelDistributionTest
Running org.apache.commons.math3.distribution.TriangularDistributionTest
Tests run: 18, Failures: 0, Errors: 0, Skipped: 0, Time elapsed: 0.975 sec - in org.apache.commons.math3.distribution.TriangularDistributionTest
Running org.apache.commons.math3.distribution.UniformRealDistributionTest
Tests run: 17, Failures: 0, Errors: 0, Skipped: 0, Time elapsed: 0.026 sec - in org.apache.commons.math3.distribution.UniformRealDistributionTest
Running org.apache.commons.math3.complex.FrenchComplexFormatTest
Tests run: 31, Failures: 0, Errors: 0, Skipped: 0, Time elapsed: 0.039 sec - in org.apache.commons.math3.complex.FrenchComplexFormatTest
Running org.apache.commons.math3.complex.QuaternionTest
Tests run: 22, Failures: 0, Errors: 0, Skipped: 0, Time elapsed: 0.062 sec - in org.apache.commons.math3.complex.QuaternionTest
Running org.apache.commons.math3.complex.ComplexFieldTest
Tests run: 3, Failures: 0, Errors: 0, Skipped: 0, Time elapsed: 0.004 sec - in org.apache.commons.math3.complex.ComplexFieldTest
Running org.apache.commons.math3.complex.RootsOfUnityTest
Tests run: 6, Failures: 0, Errors: 0, Skipped: 0, Time elapsed: 0.008 sec - in org.apache.commons.math3.complex.RootsOfUnityTest
Running org.apache.commons.math3.complex.ComplexFormatTest
Tests run: 31, Failures: 0, Errors: 0, Skipped: 0, Time elapsed: 0.026 sec - in org.apache.commons.math3.complex.ComplexFormatTest
Running org.apache.commons.math3.complex.ComplexUtilsTest
Tests run: 5, Failures: 0, Errors: 0, Skipped: 0, Time elapsed: 0.012 sec - in org.apache.commons.math3.complex.ComplexUtilsTest
Running org.apache.commons.math3.complex.ComplexTest
Tests run: 123, Failures: 0, Errors: 0, Skipped: 0, Time elapsed: 0.102 sec - in org.apache.commons.math3.complex.ComplexTest
Running org.apache.commons.math3.random.Well19937cTest
Tests run: 63, Failures: 0, Errors: 0, Skipped: 0, Time elapsed: 252.289 sec - in org.apache.commons.math3.random.Well19937cTest
Running org.apache.commons.math3.random.RandomDataGeneratorTest
Tests run: 49, Failures: 0, Errors: 0, Skipped: 0, Time elapsed: 188.058 sec - in org.apache.commons.math3.random.RandomDataGeneratorTest
Running org.apache.commons.math3.random.MersenneTwisterTest
Tests run: 63, Failures: 0, Errors: 0, Skipped: 0, Time elapsed: 223.845 sec - in org.apache.commons.math3.random.MersenneTwisterTest
Running org.apache.commons.math3.random.SobolSequenceGeneratorTest
Tests run: 4, Failures: 0, Errors: 0, Skipped: 0, Time elapsed: 0.099 sec - in org.apache.commons.math3.random.SobolSequenceGeneratorTest
Running org.apache.commons.math3.random.RandomGeneratorFactoryTest
Tests run: 62, Failures: 0, Errors: 0, Skipped: 0, Time elapsed: 184.109 sec - in org.apache.commons.math3.random.RandomGeneratorFactoryTest
Running org.apache.commons.math3.random.UnitSphereRandomVectorGeneratorTest
Tests run: 1, Failures: 0, Errors: 0, Skipped: 0, Time elapsed: 6.999 sec - in org.apache.commons.math3.random.UnitSphereRandomVectorGeneratorTest
Running org.apache.commons.math3.random.Well44497aTest
Tests run: 63, Failures: 0, Errors: 0, Skipped: 0, Time elapsed: 230.51 sec - in org.apache.commons.math3.random.Well44497aTest
Running org.apache.commons.math3.random.Well19937aTest
Tests run: 63, Failures: 0, Errors: 0, Skipped: 0, Time elapsed: 213.711 sec - in org.apache.commons.math3.random.Well19937aTest
Running org.apache.commons.math3.random.HaltonSequenceGeneratorTest
Tests run: 5, Failures: 0, Errors: 0, Skipped: 0, Time elapsed: 0.005 sec - in org.apache.commons.math3.random.HaltonSequenceGeneratorTest
Running org.apache.commons.math3.random.CorrelatedRandomVectorGeneratorTest
Tests run: 5, Failures: 0, Errors: 0, Skipped: 0, Time elapsed: 1.009 sec - in org.apache.commons.math3.random.CorrelatedRandomVectorGeneratorTest
Running org.apache.commons.math3.random.UncorrelatedRandomVectorGeneratorTest
Tests run: 1, Failures: 0, Errors: 0, Skipped: 0, Time elapsed: 0.07 sec - in org.apache.commons.math3.random.UncorrelatedRandomVectorGeneratorTest
Running org.apache.commons.math3.random.Well512aTest
Tests run: 63, Failures: 0, Errors: 0, Skipped: 0, Time elapsed: 217.379 sec - in org.apache.commons.math3.random.Well512aTest
Running org.apache.commons.math3.random.ISAACTest
Tests run: 63, Failures: 0, Errors: 0, Skipped: 0, Time elapsed: 226.074 sec - in org.apache.commons.math3.random.ISAACTest
Running org.apache.commons.math3.random.EmpiricalDistributionTest
Tests run: 27, Failures: 0, Errors: 0, Skipped: 0, Time elapsed: 93.6 sec - in org.apache.commons.math3.random.EmpiricalDistributionTest
Running org.apache.commons.math3.random.AbstractRandomGeneratorTest
Tests run: 62, Failures: 0, Errors: 0, Skipped: 0, Time elapsed: 188.798 sec - in org.apache.commons.math3.random.AbstractRandomGeneratorTest
Running org.apache.commons.math3.random.RandomAdaptorTest
Tests run: 1, Failures: 0, Errors: 0, Skipped: 0, Time elapsed: 0.001 sec - in org.apache.commons.math3.random.RandomAdaptorTest
Running org.apache.commons.math3.random.ValueServerTest
Tests run: 9, Failures: 0, Errors: 0, Skipped: 0, Time elapsed: 0.203 sec - in org.apache.commons.math3.random.ValueServerTest
Running org.apache.commons.math3.random.Well44497bTest
Tests run: 63, Failures: 0, Errors: 0, Skipped: 0, Time elapsed: 256.871 sec - in org.apache.commons.math3.random.Well44497bTest
Running org.apache.commons.math3.random.StableRandomGeneratorTest
Tests run: 7, Failures: 0, Errors: 0, Skipped: 0, Time elapsed: 0.903 sec - in org.apache.commons.math3.random.StableRandomGeneratorTest
Running org.apache.commons.math3.random.SynchronizedRandomGeneratorTest
Tests run: 2, Failures: 0, Errors: 0, Skipped: 0, Time elapsed: 42.393 sec - in org.apache.commons.math3.random.SynchronizedRandomGeneratorTest
Running org.apache.commons.math3.random.BitsStreamGeneratorTest
Tests run: 62, Failures: 0, Errors: 0, Skipped: 0, Time elapsed: 230.397 sec - in org.apache.commons.math3.random.BitsStreamGeneratorTest
Running org.apache.commons.math3.random.Well1024aTest
Tests run: 63, Failures: 0, Errors: 0, Skipped: 0, Time elapsed: 212.296 sec - in org.apache.commons.math3.random.Well1024aTest
Running org.apache.commons.math3.random.GaussianRandomGeneratorTest
Tests run: 1, Failures: 0, Errors: 0, Skipped: 0, Time elapsed: 0.011 sec - in org.apache.commons.math3.random.GaussianRandomGeneratorTest
Running org.apache.commons.math3.random.UniformRandomGeneratorTest
Tests run: 1, Failures: 0, Errors: 0, Skipped: 0, Time elapsed: 0.011 sec - in org.apache.commons.math3.random.UniformRandomGeneratorTest
Running org.apache.commons.math3.linear.SingularValueDecompositionTest
Tests run: 13, Failures: 0, Errors: 0, Skipped: 0, Time elapsed: 6.071 sec - in org.apache.commons.math3.linear.SingularValueDecompositionTest
Running org.apache.commons.math3.linear.BlockRealMatrixTest
Tests run: 48, Failures: 0, Errors: 0, Skipped: 0, Time elapsed: 1.998 sec - in org.apache.commons.math3.linear.BlockRealMatrixTest
Running org.apache.commons.math3.linear.MatrixDimensionMismatchExceptionTest
Tests run: 1, Failures: 0, Errors: 0, Skipped: 0, Time elapsed: 0.001 sec - in org.apache.commons.math3.linear.MatrixDimensionMismatchExceptionTest
Running org.apache.commons.math3.linear.QRSolverTest
Tests run: 6, Failures: 0, Errors: 0, Skipped: 0, Time elapsed: 0.517 sec - in org.apache.commons.math3.linear.QRSolverTest
Running org.apache.commons.math3.linear.SchurTransformerTest
Tests run: 8, Failures: 0, Errors: 0, Skipped: 0, Time elapsed: 4.425 sec - in org.apache.commons.math3.linear.SchurTransformerTest
Running org.apache.commons.math3.linear.RectangularCholeskyDecompositionTest
Tests run: 3, Failures: 0, Errors: 0, Skipped: 0, Time elapsed: 0.004 sec - in org.apache.commons.math3.linear.RectangularCholeskyDecompositionTest
Running org.apache.commons.math3.linear.RealVectorTest
Tests run: 105, Failures: 0, Errors: 0, Skipped: 24, Time elapsed: 0.644 sec - in org.apache.commons.math3.linear.RealVectorTest
Running org.apache.commons.math3.linear.ConjugateGradientTest
Tests run: 17, Failures: 0, Errors: 0, Skipped: 0, Time elapsed: 2.794 sec - in org.apache.commons.math3.linear.ConjugateGradientTest
Running org.apache.commons.math3.linear.SymmLQTest
Tests run: 36, Failures: 0, Errors: 0, Skipped: 0, Time elapsed: 4.833 sec - in org.apache.commons.math3.linear.SymmLQTest
Running org.apache.commons.math3.linear.BlockFieldMatrixTest
Tests run: 46, Failures: 0, Errors: 0, Skipped: 0, Time elapsed: 8.942 sec - in org.apache.commons.math3.linear.BlockFieldMatrixTest
Running org.apache.commons.math3.linear.LUDecompositionTest
Tests run: 9, Failures: 0, Errors: 0, Skipped: 0, Time elapsed: 0.025 sec - in org.apache.commons.math3.linear.LUDecompositionTest
Running org.apache.commons.math3.linear.SparseFieldMatrixTest
Tests run: 24, Failures: 0, Errors: 0, Skipped: 0, Time elapsed: 0.05 sec - in org.apache.commons.math3.linear.SparseFieldMatrixTest
Running org.apache.commons.math3.linear.BiDiagonalTransformerTest
Tests run: 8, Failures: 0, Errors: 0, Skipped: 0, Time elapsed: 0.011 sec - in org.apache.commons.math3.linear.BiDiagonalTransformerTest
Running org.apache.commons.math3.linear.MatrixUtilsTest
Tests run: 22, Failures: 0, Errors: 0, Skipped: 0, Time elapsed: 0.026 sec - in org.apache.commons.math3.linear.MatrixUtilsTest
Running org.apache.commons.math3.linear.FieldLUSolverTest
Tests run: 5, Failures: 0, Errors: 0, Skipped: 0, Time elapsed: 0.011 sec - in org.apache.commons.math3.linear.FieldLUSolverTest
Running org.apache.commons.math3.linear.TriDiagonalTransformerTest
Tests run: 8, Failures: 0, Errors: 0, Skipped: 0, Time elapsed: 0.009 sec - in org.apache.commons.math3.linear.TriDiagonalTransformerTest
Running org.apache.commons.math3.linear.RealMatrixFormatTest
Tests run: 29, Failures: 0, Errors: 0, Skipped: 1, Time elapsed: 0.025 sec - in org.apache.commons.math3.linear.RealMatrixFormatTest
Running org.apache.commons.math3.linear.EigenSolverTest
Tests run: 8, Failures: 0, Errors: 0, Skipped: 0, Time elapsed: 0.012 sec - in org.apache.commons.math3.linear.EigenSolverTest
Running org.apache.commons.math3.linear.EigenDecompositionTest
Tests run: 30, Failures: 0, Errors: 0, Skipped: 2, Time elapsed: 4.468 sec - in org.apache.commons.math3.linear.EigenDecompositionTest
Running org.apache.commons.math3.linear.FieldLUDecompositionTest
Tests run: 9, Failures: 0, Errors: 0, Skipped: 0, Time elapsed: 0.043 sec - in org.apache.commons.math3.linear.FieldLUDecompositionTest
Running org.apache.commons.math3.linear.ArrayRealVectorTest
Tests run: 108, Failures: 0, Errors: 0, Skipped: 0, Time elapsed: 0.276 sec - in org.apache.commons.math3.linear.ArrayRealVectorTest
Running org.apache.commons.math3.linear.FrenchRealVectorFormatTest
Tests run: 30, Failures: 0, Errors: 0, Skipped: 0, Time elapsed: 0.023 sec - in org.apache.commons.math3.linear.FrenchRealVectorFormatTest
Running org.apache.commons.math3.linear.RRQRDecompositionTest
Tests run: 7, Failures: 0, Errors: 0, Skipped: 0, Time elapsed: 0.929 sec - in org.apache.commons.math3.linear.RRQRDecompositionTest
Running org.apache.commons.math3.linear.RRQRSolverTest
Tests run: 6, Failures: 0, Errors: 0, Skipped: 0, Time elapsed: 0.594 sec - in org.apache.commons.math3.linear.RRQRSolverTest
Running org.apache.commons.math3.linear.CholeskyDecompositionTest
Tests run: 9, Failures: 0, Errors: 0, Skipped: 0, Time elapsed: 0.007 sec - in org.apache.commons.math3.linear.CholeskyDecompositionTest
Running org.apache.commons.math3.linear.SingularValueSolverTest
Tests run: 6, Failures: 0, Errors: 0, Skipped: 0, Time elapsed: 0.006 sec - in org.apache.commons.math3.linear.SingularValueSolverTest
Running org.apache.commons.math3.linear.RealVectorFormatTest
Tests run: 30, Failures: 0, Errors: 0, Skipped: 0, Time elapsed: 0.022 sec - in org.apache.commons.math3.linear.RealVectorFormatTest
Running org.apache.commons.math3.linear.SparseRealMatrixTest
Tests run: 27, Failures: 0, Errors: 0, Skipped: 0, Time elapsed: 0.038 sec - in org.apache.commons.math3.linear.SparseRealMatrixTest
Running org.apache.commons.math3.linear.Array2DRowRealMatrixTest
Tests run: 39, Failures: 0, Errors: 0, Skipped: 0, Time elapsed: 0.104 sec - in org.apache.commons.math3.linear.Array2DRowRealMatrixTest
Running org.apache.commons.math3.linear.DiagonalMatrixTest
Tests run: 29, Failures: 0, Errors: 0, Skipped: 0, Time elapsed: 0.02 sec - in org.apache.commons.math3.linear.DiagonalMatrixTest
Running org.apache.commons.math3.linear.SparseFieldVectorTest
Tests run: 17, Failures: 0, Errors: 0, Skipped: 0, Time elapsed: 0.027 sec - in org.apache.commons.math3.linear.SparseFieldVectorTest
Running org.apache.commons.math3.linear.QRDecompositionTest
Tests run: 10, Failures: 0, Errors: 0, Skipped: 0, Time elapsed: 0.626 sec - in org.apache.commons.math3.linear.QRDecompositionTest
Running org.apache.commons.math3.linear.OpenMapRealMatrixTest
Tests run: 2, Failures: 0, Errors: 0, Skipped: 0, Time elapsed: 0.001 sec - in org.apache.commons.math3.linear.OpenMapRealMatrixTest
Running org.apache.commons.math3.linear.ArrayFieldVectorTest
Tests run: 20, Failures: 0, Errors: 0, Skipped: 0, Time elapsed: 0.026 sec - in org.apache.commons.math3.linear.ArrayFieldVectorTest
Running org.apache.commons.math3.linear.UnmodifiableOpenMapRealVectorTest
Tests run: 8, Failures: 0, Errors: 0, Skipped: 0, Time elapsed: 1.51 sec - in org.apache.commons.math3.linear.UnmodifiableOpenMapRealVectorTest
Running org.apache.commons.math3.linear.FieldMatrixImplTest
Tests run: 37, Failures: 0, Errors: 0, Skipped: 0, Time elapsed: 0.74 sec - in org.apache.commons.math3.linear.FieldMatrixImplTest
Running org.apache.commons.math3.linear.UnmodifiableArrayRealVectorTest
Tests run: 8, Failures: 0, Errors: 0, Skipped: 0, Time elapsed: 0.197 sec - in org.apache.commons.math3.linear.UnmodifiableArrayRealVectorTest
Running org.apache.commons.math3.linear.SparseRealVectorTest
Tests run: 106, Failures: 0, Errors: 0, Skipped: 0, Time elapsed: 1.214 sec - in org.apache.commons.math3.linear.SparseRealVectorTest
Running org.apache.commons.math3.linear.CholeskySolverTest
Tests run: 3, Failures: 0, Errors: 0, Skipped: 0, Time elapsed: 0.004 sec - in org.apache.commons.math3.linear.CholeskySolverTest
Running org.apache.commons.math3.linear.LUSolverTest
Tests run: 6, Failures: 0, Errors: 0, Skipped: 0, Time elapsed: 0.007 sec - in org.apache.commons.math3.linear.LUSolverTest
Running org.apache.commons.math3.linear.HessenbergTransformerTest
Tests run: 9, Failures: 0, Errors: 0, Skipped: 0, Time elapsed: 3.184 sec - in org.apache.commons.math3.linear.HessenbergTransformerTest
Running org.apache.commons.math3.special.ErfTest
Tests run: 16, Failures: 0, Errors: 0, Skipped: 0, Time elapsed: 0.198 sec - in org.apache.commons.math3.special.ErfTest
Running org.apache.commons.math3.special.GammaTest
Tests run: 25, Failures: 0, Errors: 0, Skipped: 0, Time elapsed: 0.032 sec - in org.apache.commons.math3.special.GammaTest
Running org.apache.commons.math3.special.BetaTest
Tests run: 31, Failures: 0, Errors: 0, Skipped: 0, Time elapsed: 0.039 sec - in org.apache.commons.math3.special.BetaTest
Running org.apache.commons.math3.primes.PrimesTest
Tests run: 3, Failures: 0, Errors: 0, Skipped: 0, Time elapsed: 0.147 sec - in org.apache.commons.math3.primes.PrimesTest
Running org.apache.commons.math3.ml.distance.ManhattanDistanceTest
Tests run: 2, Failures: 0, Errors: 0, Skipped: 0, Time elapsed: 0.004 sec - in org.apache.commons.math3.ml.distance.ManhattanDistanceTest
Running org.apache.commons.math3.ml.distance.CanberraDistanceTest
Tests run: 3, Failures: 0, Errors: 0, Skipped: 0, Time elapsed: 0.005 sec - in org.apache.commons.math3.ml.distance.CanberraDistanceTest
Running org.apache.commons.math3.ml.distance.ChebyshevDistanceTest
Tests run: 2, Failures: 0, Errors: 0, Skipped: 0, Time elapsed: 0.004 sec - in org.apache.commons.math3.ml.distance.ChebyshevDistanceTest
Running org.apache.commons.math3.ml.distance.EarthMoversDistanceTest
Tests run: 3, Failures: 0, Errors: 0, Skipped: 0, Time elapsed: 0.005 sec - in org.apache.commons.math3.ml.distance.EarthMoversDistanceTest
Running org.apache.commons.math3.ml.distance.EuclideanDistanceTest
Tests run: 2, Failures: 0, Errors: 0, Skipped: 0, Time elapsed: 0.004 sec - in org.apache.commons.math3.ml.distance.EuclideanDistanceTest
Running org.apache.commons.math3.ml.neuralnet.NeuronTest
Tests run: 5, Failures: 0, Errors: 0, Skipped: 0, Time elapsed: 0.009 sec - in org.apache.commons.math3.ml.neuralnet.NeuronTest
Running org.apache.commons.math3.ml.neuralnet.twod.NeuronSquareMesh2DTest
Tests run: 14, Failures: 0, Errors: 0, Skipped: 0, Time elapsed: 0.036 sec - in org.apache.commons.math3.ml.neuralnet.twod.NeuronSquareMesh2DTest
Running org.apache.commons.math3.ml.neuralnet.NetworkTest
Tests run: 5, Failures: 1, Errors: 0, Skipped: 0, Time elapsed: 0.011 sec <<< FAILURE! - in org.apache.commons.math3.ml.neuralnet.NetworkTest
testIterationOrder(org.apache.commons.math3.ml.neuralnet.NetworkTest)  Time elapsed: 0.002 sec  <<< FAILURE!
java.lang.AssertionError: null
	at org.junit.Assert.fail(Assert.java:86)
	at org.junit.Assert.assertTrue(Assert.java:41)
	at org.junit.Assert.assertTrue(Assert.java:52)
	at org.apache.commons.math3.ml.neuralnet.NetworkTest.__CLR4_2_0ig714m24o9(NetworkTest.java:133)
	at org.apache.commons.math3.ml.neuralnet.NetworkTest.testIterationOrder(NetworkTest.java:113)

Running org.apache.commons.math3.ml.neuralnet.MapUtilsTest
Tests run: 1, Failures: 0, Errors: 0, Skipped: 0, Time elapsed: 0.004 sec - in org.apache.commons.math3.ml.neuralnet.MapUtilsTest
Running org.apache.commons.math3.ml.neuralnet.oned.NeuronStringTest
Tests run: 4, Failures: 0, Errors: 0, Skipped: 0, Time elapsed: 0.006 sec - in org.apache.commons.math3.ml.neuralnet.oned.NeuronStringTest
Running org.apache.commons.math3.ml.neuralnet.sofm.KohonenUpdateActionTest
Tests run: 1, Failures: 0, Errors: 0, Skipped: 0, Time elapsed: 0.008 sec - in org.apache.commons.math3.ml.neuralnet.sofm.KohonenUpdateActionTest
Running org.apache.commons.math3.ml.neuralnet.sofm.LearningFactorFunctionFactoryTest
Tests run: 11, Failures: 0, Errors: 0, Skipped: 0, Time elapsed: 0.011 sec - in org.apache.commons.math3.ml.neuralnet.sofm.LearningFactorFunctionFactoryTest
Running org.apache.commons.math3.ml.neuralnet.sofm.KohonenTrainingTaskTest
Tests run: 2, Failures: 0, Errors: 0, Skipped: 0, Time elapsed: 4.02 sec - in org.apache.commons.math3.ml.neuralnet.sofm.KohonenTrainingTaskTest
Running org.apache.commons.math3.ml.neuralnet.sofm.NeighbourhoodSizeFunctionFactoryTest
Tests run: 9, Failures: 0, Errors: 0, Skipped: 0, Time elapsed: 0.011 sec - in org.apache.commons.math3.ml.neuralnet.sofm.NeighbourhoodSizeFunctionFactoryTest
Running org.apache.commons.math3.ml.neuralnet.sofm.util.ExponentialDecayFunctionTest
Tests run: 5, Failures: 0, Errors: 0, Skipped: 0, Time elapsed: 0.005 sec - in org.apache.commons.math3.ml.neuralnet.sofm.util.ExponentialDecayFunctionTest
Running org.apache.commons.math3.ml.neuralnet.sofm.util.QuasiSigmoidDecayFunctionTest
Tests run: 4, Failures: 0, Errors: 0, Skipped: 0, Time elapsed: 0.004 sec - in org.apache.commons.math3.ml.neuralnet.sofm.util.QuasiSigmoidDecayFunctionTest
Running org.apache.commons.math3.ml.clustering.KMeansPlusPlusClustererTest
Tests run: 4, Failures: 0, Errors: 0, Skipped: 0, Time elapsed: 0.287 sec - in org.apache.commons.math3.ml.clustering.KMeansPlusPlusClustererTest
Running org.apache.commons.math3.ml.clustering.DBSCANClustererTest
Tests run: 7, Failures: 0, Errors: 0, Skipped: 0, Time elapsed: 0.016 sec - in org.apache.commons.math3.ml.clustering.DBSCANClustererTest
Running org.apache.commons.math3.ml.clustering.MultiKMeansPlusPlusClustererTest
Tests run: 1, Failures: 0, Errors: 0, Skipped: 0, Time elapsed: 0.006 sec - in org.apache.commons.math3.ml.clustering.MultiKMeansPlusPlusClustererTest
Running org.apache.commons.math3.ml.clustering.evaluation.SumOfClusterVariancesTest
Tests run: 2, Failures: 0, Errors: 0, Skipped: 0, Time elapsed: 0.001 sec - in org.apache.commons.math3.ml.clustering.evaluation.SumOfClusterVariancesTest
Running org.apache.commons.math3.ml.clustering.FuzzyKMeansClustererTest
Tests run: 4, Failures: 0, Errors: 0, Skipped: 0, Time elapsed: 0.045 sec - in org.apache.commons.math3.ml.clustering.FuzzyKMeansClustererTest
Running org.apache.commons.math3.optim.nonlinear.scalar.MultivariateFunctionMappingAdapterTest
Tests run: 4, Failures: 0, Errors: 0, Skipped: 0, Time elapsed: 0.036 sec - in org.apache.commons.math3.optim.nonlinear.scalar.MultivariateFunctionMappingAdapterTest
Running org.apache.commons.math3.optim.nonlinear.scalar.MultivariateFunctionPenaltyAdapterTest
Tests run: 5, Failures: 0, Errors: 0, Skipped: 0, Time elapsed: 0.029 sec - in org.apache.commons.math3.optim.nonlinear.scalar.MultivariateFunctionPenaltyAdapterTest
Running org.apache.commons.math3.optim.nonlinear.scalar.noderiv.BOBYQAOptimizerTest
Tests run: 19, Failures: 0, Errors: 0, Skipped: 1, Time elapsed: 293.968 sec - in org.apache.commons.math3.optim.nonlinear.scalar.noderiv.BOBYQAOptimizerTest
Running org.apache.commons.math3.optim.nonlinear.scalar.noderiv.PowellOptimizerTest
Tests run: 5, Failures: 0, Errors: 0, Skipped: 0, Time elapsed: 0.021 sec - in org.apache.commons.math3.optim.nonlinear.scalar.noderiv.PowellOptimizerTest
Running org.apache.commons.math3.optim.nonlinear.scalar.noderiv.SimplexOptimizerMultiDirectionalTest
Tests run: 8, Failures: 0, Errors: 0, Skipped: 0, Time elapsed: 0.05 sec - in org.apache.commons.math3.optim.nonlinear.scalar.noderiv.SimplexOptimizerMultiDirectionalTest
Running org.apache.commons.math3.optim.nonlinear.scalar.noderiv.SimplexOptimizerNelderMeadTest
Tests run: 11, Failures: 0, Errors: 0, Skipped: 0, Time elapsed: 0.029 sec - in org.apache.commons.math3.optim.nonlinear.scalar.noderiv.SimplexOptimizerNelderMeadTest
Running org.apache.commons.math3.optim.nonlinear.scalar.noderiv.CMAESOptimizerTest
Tests run: 24, Failures: 0, Errors: 0, Skipped: 0, Time elapsed: 798.361 sec - in org.apache.commons.math3.optim.nonlinear.scalar.noderiv.CMAESOptimizerTest
Running org.apache.commons.math3.optim.nonlinear.scalar.gradient.NonLinearConjugateGradientOptimizerTest
Tests run: 13, Failures: 0, Errors: 0, Skipped: 0, Time elapsed: 0.04 sec - in org.apache.commons.math3.optim.nonlinear.scalar.gradient.NonLinearConjugateGradientOptimizerTest
Running org.apache.commons.math3.optim.nonlinear.scalar.MultiStartMultivariateOptimizerTest
Tests run: 2, Failures: 0, Errors: 0, Skipped: 0, Time elapsed: 0.029 sec - in org.apache.commons.math3.optim.nonlinear.scalar.MultiStartMultivariateOptimizerTest
Running org.apache.commons.math3.optim.nonlinear.vector.jacobian.AbstractLeastSquaresOptimizerTest
Tests run: 3, Failures: 0, Errors: 0, Skipped: 0, Time elapsed: 0.022 sec - in org.apache.commons.math3.optim.nonlinear.vector.jacobian.AbstractLeastSquaresOptimizerTest
Running org.apache.commons.math3.optim.nonlinear.vector.jacobian.GaussNewtonOptimizerTest
Tests run: 21, Failures: 0, Errors: 0, Skipped: 0, Time elapsed: 0.493 sec - in org.apache.commons.math3.optim.nonlinear.vector.jacobian.GaussNewtonOptimizerTest
Running org.apache.commons.math3.optim.nonlinear.vector.jacobian.LevenbergMarquardtOptimizerTest
Tests run: 23, Failures: 0, Errors: 0, Skipped: 0, Time elapsed: 3.304 sec - in org.apache.commons.math3.optim.nonlinear.vector.jacobian.LevenbergMarquardtOptimizerTest
Running org.apache.commons.math3.optim.nonlinear.vector.jacobian.MinpackTest
Tests run: 18, Failures: 0, Errors: 0, Skipped: 0, Time elapsed: 2.483 sec - in org.apache.commons.math3.optim.nonlinear.vector.jacobian.MinpackTest
Running org.apache.commons.math3.optim.nonlinear.vector.MultiStartMultivariateVectorOptimizerTest
Tests run: 4, Failures: 0, Errors: 0, Skipped: 0, Time elapsed: 0.016 sec - in org.apache.commons.math3.optim.nonlinear.vector.MultiStartMultivariateVectorOptimizerTest
Running org.apache.commons.math3.optim.SimplePointCheckerTest
Tests run: 3, Failures: 0, Errors: 0, Skipped: 0, Time elapsed: 0.003 sec - in org.apache.commons.math3.optim.SimplePointCheckerTest
Running org.apache.commons.math3.optim.univariate.BrentOptimizerTest
Tests run: 10, Failures: 0, Errors: 0, Skipped: 0, Time elapsed: 0.089 sec - in org.apache.commons.math3.optim.univariate.BrentOptimizerTest
Running org.apache.commons.math3.optim.univariate.BracketFinderTest
Tests run: 4, Failures: 0, Errors: 0, Skipped: 0, Time elapsed: 0.004 sec - in org.apache.commons.math3.optim.univariate.BracketFinderTest
Running org.apache.commons.math3.optim.univariate.MultiStartUnivariateOptimizerTest
Tests run: 5, Failures: 0, Errors: 0, Skipped: 0, Time elapsed: 0.017 sec - in org.apache.commons.math3.optim.univariate.MultiStartUnivariateOptimizerTest
Running org.apache.commons.math3.optim.univariate.SimpleUnivariateValueCheckerTest
Tests run: 3, Failures: 0, Errors: 0, Skipped: 0, Time elapsed: 0.003 sec - in org.apache.commons.math3.optim.univariate.SimpleUnivariateValueCheckerTest
Running org.apache.commons.math3.optim.linear.SimplexSolverTest
Tests run: 29, Failures: 0, Errors: 0, Skipped: 0, Time elapsed: 2.32 sec - in org.apache.commons.math3.optim.linear.SimplexSolverTest
Running org.apache.commons.math3.optim.linear.SimplexTableauTest
Tests run: 4, Failures: 0, Errors: 0, Skipped: 0, Time elapsed: 0.016 sec - in org.apache.commons.math3.optim.linear.SimplexTableauTest
Running org.apache.commons.math3.optim.PointVectorValuePairTest
Tests run: 1, Failures: 0, Errors: 0, Skipped: 0, Time elapsed: 0.003 sec - in org.apache.commons.math3.optim.PointVectorValuePairTest
Running org.apache.commons.math3.optim.SimpleVectorValueCheckerTest
Tests run: 3, Failures: 0, Errors: 0, Skipped: 0, Time elapsed: 0.003 sec - in org.apache.commons.math3.optim.SimpleVectorValueCheckerTest
Running org.apache.commons.math3.optim.PointValuePairTest
Tests run: 1, Failures: 0, Errors: 0, Skipped: 0, Time elapsed: 0.002 sec - in org.apache.commons.math3.optim.PointValuePairTest
Running org.apache.commons.math3.optim.SimpleValueCheckerTest
Tests run: 3, Failures: 0, Errors: 0, Skipped: 0, Time elapsed: 0.002 sec - in org.apache.commons.math3.optim.SimpleValueCheckerTest
Running org.apache.commons.math3.optimization.SimplePointCheckerTest
Tests run: 3, Failures: 0, Errors: 0, Skipped: 0, Time elapsed: 0.004 sec - in org.apache.commons.math3.optimization.SimplePointCheckerTest
Running org.apache.commons.math3.optimization.MultivariateDifferentiableMultiStartOptimizerTest
Tests run: 1, Failures: 0, Errors: 0, Skipped: 0, Time elapsed: 0.171 sec - in org.apache.commons.math3.optimization.MultivariateDifferentiableMultiStartOptimizerTest
Running org.apache.commons.math3.optimization.MultivariateDifferentiableVectorMultiStartOptimizerTest
Tests run: 2, Failures: 0, Errors: 0, Skipped: 0, Time elapsed: 0.017 sec - in org.apache.commons.math3.optimization.MultivariateDifferentiableVectorMultiStartOptimizerTest
Running org.apache.commons.math3.optimization.fitting.GaussianFitterTest
Tests run: 9, Failures: 0, Errors: 0, Skipped: 0, Time elapsed: 1.428 sec - in org.apache.commons.math3.optimization.fitting.GaussianFitterTest
Running org.apache.commons.math3.optimization.fitting.HarmonicFitterTest
Tests run: 7, Failures: 0, Errors: 0, Skipped: 0, Time elapsed: 0.834 sec - in org.apache.commons.math3.optimization.fitting.HarmonicFitterTest
Running org.apache.commons.math3.optimization.fitting.CurveFitterTest
Tests run: 3, Failures: 0, Errors: 0, Skipped: 0, Time elapsed: 0.02 sec - in org.apache.commons.math3.optimization.fitting.CurveFitterTest
Running org.apache.commons.math3.optimization.fitting.PolynomialFitterTest
Tests run: 9, Failures: 0, Errors: 0, Skipped: 0, Time elapsed: 543.055 sec - in org.apache.commons.math3.optimization.fitting.PolynomialFitterTest
Running org.apache.commons.math3.optimization.univariate.BrentOptimizerTest
Tests run: 10, Failures: 0, Errors: 0, Skipped: 0, Time elapsed: 0.081 sec - in org.apache.commons.math3.optimization.univariate.BrentOptimizerTest
Running org.apache.commons.math3.optimization.univariate.BracketFinderTest
Tests run: 4, Failures: 0, Errors: 0, Skipped: 0, Time elapsed: 0.005 sec - in org.apache.commons.math3.optimization.univariate.BracketFinderTest
Running org.apache.commons.math3.optimization.univariate.UnivariateMultiStartOptimizerTest
Tests run: 3, Failures: 0, Errors: 0, Skipped: 0, Time elapsed: 0.009 sec - in org.apache.commons.math3.optimization.univariate.UnivariateMultiStartOptimizerTest
Running org.apache.commons.math3.optimization.univariate.SimpleUnivariateValueCheckerTest
Tests run: 3, Failures: 0, Errors: 0, Skipped: 0, Time elapsed: 0.002 sec - in org.apache.commons.math3.optimization.univariate.SimpleUnivariateValueCheckerTest
Running org.apache.commons.math3.optimization.direct.BOBYQAOptimizerTest
Tests run: 19, Failures: 0, Errors: 0, Skipped: 1, Time elapsed: 360.8 sec - in org.apache.commons.math3.optimization.direct.BOBYQAOptimizerTest
Running org.apache.commons.math3.optimization.direct.MultivariateFunctionMappingAdapterTest
Tests run: 4, Failures: 0, Errors: 0, Skipped: 0, Time elapsed: 0.034 sec - in org.apache.commons.math3.optimization.direct.MultivariateFunctionMappingAdapterTest
Running org.apache.commons.math3.optimization.direct.PowellOptimizerTest
Tests run: 4, Failures: 0, Errors: 0, Skipped: 0, Time elapsed: 0.02 sec - in org.apache.commons.math3.optimization.direct.PowellOptimizerTest
Running org.apache.commons.math3.optimization.direct.MultivariateFunctionPenaltyAdapterTest
Tests run: 5, Failures: 0, Errors: 0, Skipped: 0, Time elapsed: 0.035 sec - in org.apache.commons.math3.optimization.direct.MultivariateFunctionPenaltyAdapterTest
Running org.apache.commons.math3.optimization.direct.SimplexOptimizerMultiDirectionalTest
Tests run: 7, Failures: 0, Errors: 0, Skipped: 0, Time elapsed: 0.039 sec - in org.apache.commons.math3.optimization.direct.SimplexOptimizerMultiDirectionalTest
Running org.apache.commons.math3.optimization.direct.SimplexOptimizerNelderMeadTest
Tests run: 10, Failures: 0, Errors: 0, Skipped: 0, Time elapsed: 0.027 sec - in org.apache.commons.math3.optimization.direct.SimplexOptimizerNelderMeadTest
Running org.apache.commons.math3.optimization.direct.CMAESOptimizerTest
Tests run: 24, Failures: 0, Errors: 0, Skipped: 0, Time elapsed: 960.689 sec - in org.apache.commons.math3.optimization.direct.CMAESOptimizerTest
Running org.apache.commons.math3.optimization.linear.SimplexSolverTest
Tests run: 26, Failures: 0, Errors: 0, Skipped: 0, Time elapsed: 13.396 sec - in org.apache.commons.math3.optimization.linear.SimplexSolverTest
Running org.apache.commons.math3.optimization.linear.SimplexTableauTest
Tests run: 4, Failures: 0, Errors: 0, Skipped: 0, Time elapsed: 0.006 sec - in org.apache.commons.math3.optimization.linear.SimplexTableauTest
Running org.apache.commons.math3.optimization.PointVectorValuePairTest
Tests run: 1, Failures: 0, Errors: 0, Skipped: 0, Time elapsed: 0.002 sec - in org.apache.commons.math3.optimization.PointVectorValuePairTest
Running org.apache.commons.math3.optimization.general.AbstractLeastSquaresOptimizerTest
Tests run: 3, Failures: 0, Errors: 0, Skipped: 0, Time elapsed: 0.049 sec - in org.apache.commons.math3.optimization.general.AbstractLeastSquaresOptimizerTest
Running org.apache.commons.math3.optimization.general.GaussNewtonOptimizerTest
Tests run: 19, Failures: 0, Errors: 0, Skipped: 0, Time elapsed: 3.097 sec - in org.apache.commons.math3.optimization.general.GaussNewtonOptimizerTest
Running org.apache.commons.math3.optimization.general.NonLinearConjugateGradientOptimizerTest
Tests run: 12, Failures: 0, Errors: 0, Skipped: 0, Time elapsed: 0.165 sec - in org.apache.commons.math3.optimization.general.NonLinearConjugateGradientOptimizerTest
Running org.apache.commons.math3.optimization.general.LevenbergMarquardtOptimizerTest
Tests run: 22, Failures: 0, Errors: 0, Skipped: 1, Time elapsed: 2.056 sec - in org.apache.commons.math3.optimization.general.LevenbergMarquardtOptimizerTest
Running org.apache.commons.math3.optimization.general.MinpackTest
Tests run: 18, Failures: 0, Errors: 0, Skipped: 0, Time elapsed: 43.78 sec - in org.apache.commons.math3.optimization.general.MinpackTest
Running org.apache.commons.math3.optimization.SimpleVectorValueCheckerTest
Tests run: 3, Failures: 0, Errors: 0, Skipped: 0, Time elapsed: 0.002 sec - in org.apache.commons.math3.optimization.SimpleVectorValueCheckerTest
Running org.apache.commons.math3.optimization.MultivariateMultiStartOptimizerTest
Tests run: 1, Failures: 0, Errors: 0, Skipped: 0, Time elapsed: 0.017 sec - in org.apache.commons.math3.optimization.MultivariateMultiStartOptimizerTest
Running org.apache.commons.math3.optimization.PointValuePairTest
Tests run: 1, Failures: 0, Errors: 0, Skipped: 0, Time elapsed: 0.002 sec - in org.apache.commons.math3.optimization.PointValuePairTest
Running org.apache.commons.math3.optimization.SimpleValueCheckerTest
Tests run: 3, Failures: 0, Errors: 0, Skipped: 0, Time elapsed: 0.003 sec - in org.apache.commons.math3.optimization.SimpleValueCheckerTest
Running org.apache.commons.math3.exception.NumberIsTooLargeExceptionTest
Tests run: 1, Failures: 0, Errors: 0, Skipped: 0, Time elapsed: 0.001 sec - in org.apache.commons.math3.exception.NumberIsTooLargeExceptionTest
Running org.apache.commons.math3.exception.MaxCountExceededExceptionTest
Tests run: 1, Failures: 0, Errors: 0, Skipped: 0, Time elapsed: 0.001 sec - in org.apache.commons.math3.exception.MaxCountExceededExceptionTest
Running org.apache.commons.math3.exception.NotStrictlyPositiveExceptionTest
Tests run: 1, Failures: 0, Errors: 0, Skipped: 0, Time elapsed: 0 sec - in org.apache.commons.math3.exception.NotStrictlyPositiveExceptionTest
Running org.apache.commons.math3.exception.TooManyEvaluationsExceptionTest
Tests run: 1, Failures: 0, Errors: 0, Skipped: 0, Time elapsed: 0.001 sec - in org.apache.commons.math3.exception.TooManyEvaluationsExceptionTest
Running org.apache.commons.math3.exception.OutOfRangeExceptionTest
Tests run: 1, Failures: 0, Errors: 0, Skipped: 0, Time elapsed: 0.001 sec - in org.apache.commons.math3.exception.OutOfRangeExceptionTest
Running org.apache.commons.math3.exception.NumberIsTooSmallExceptionTest
Tests run: 1, Failures: 0, Errors: 0, Skipped: 0, Time elapsed: 0.001 sec - in org.apache.commons.math3.exception.NumberIsTooSmallExceptionTest
Running org.apache.commons.math3.exception.NonMonotonicSequenceExceptionTest
Tests run: 1, Failures: 0, Errors: 0, Skipped: 0, Time elapsed: 0.001 sec - in org.apache.commons.math3.exception.NonMonotonicSequenceExceptionTest
Running org.apache.commons.math3.exception.NotPositiveExceptionTest
Tests run: 1, Failures: 0, Errors: 0, Skipped: 0, Time elapsed: 0 sec - in org.apache.commons.math3.exception.NotPositiveExceptionTest
Running org.apache.commons.math3.exception.DimensionMismatchExceptionTest
Tests run: 1, Failures: 0, Errors: 0, Skipped: 0, Time elapsed: 0.001 sec - in org.apache.commons.math3.exception.DimensionMismatchExceptionTest
Running org.apache.commons.math3.exception.util.ArgUtilsTest
Tests run: 1, Failures: 0, Errors: 0, Skipped: 0, Time elapsed: 0.001 sec - in org.apache.commons.math3.exception.util.ArgUtilsTest
Running org.apache.commons.math3.exception.util.ExceptionContextTest
Tests run: 5, Failures: 0, Errors: 0, Skipped: 0, Time elapsed: 0.016 sec - in org.apache.commons.math3.exception.util.ExceptionContextTest
Running org.apache.commons.math3.exception.util.LocalizedFormatsTest
Tests run: 6, Failures: 0, Errors: 0, Skipped: 0, Time elapsed: 0.087 sec - in org.apache.commons.math3.exception.util.LocalizedFormatsTest
Running org.apache.commons.math3.geometry.spherical.twod.SubCircleTest
Tests run: 3, Failures: 0, Errors: 0, Skipped: 0, Time elapsed: 0.176 sec - in org.apache.commons.math3.geometry.spherical.twod.SubCircleTest
Running org.apache.commons.math3.geometry.spherical.twod.SphericalPolygonsSetTest
Tests run: 11, Failures: 0, Errors: 0, Skipped: 0, Time elapsed: 2.995 sec - in org.apache.commons.math3.geometry.spherical.twod.SphericalPolygonsSetTest
Running org.apache.commons.math3.geometry.spherical.twod.CircleTest
Tests run: 9, Failures: 0, Errors: 0, Skipped: 0, Time elapsed: 0.604 sec - in org.apache.commons.math3.geometry.spherical.twod.CircleTest
Running org.apache.commons.math3.geometry.spherical.twod.S2PointTest
Tests run: 7, Failures: 0, Errors: 0, Skipped: 0, Time elapsed: 0.012 sec - in org.apache.commons.math3.geometry.spherical.twod.S2PointTest
Running org.apache.commons.math3.geometry.spherical.oned.S1PointTest
Tests run: 5, Failures: 0, Errors: 0, Skipped: 0, Time elapsed: 0.004 sec - in org.apache.commons.math3.geometry.spherical.oned.S1PointTest
Running org.apache.commons.math3.geometry.spherical.oned.ArcTest
Tests run: 5, Failures: 0, Errors: 0, Skipped: 0, Time elapsed: 0.006 sec - in org.apache.commons.math3.geometry.spherical.oned.ArcTest
Running org.apache.commons.math3.geometry.spherical.oned.ArcsSetTest
Tests run: 26, Failures: 0, Errors: 0, Skipped: 0, Time elapsed: 0.828 sec - in org.apache.commons.math3.geometry.spherical.oned.ArcsSetTest
Running org.apache.commons.math3.geometry.spherical.oned.LimitAngleTest
Tests run: 1, Failures: 0, Errors: 0, Skipped: 0, Time elapsed: 0.001 sec - in org.apache.commons.math3.geometry.spherical.oned.LimitAngleTest
Running org.apache.commons.math3.geometry.spherical.oned.Sphere1Test
Tests run: 3, Failures: 0, Errors: 0, Skipped: 0, Time elapsed: 0.005 sec - in org.apache.commons.math3.geometry.spherical.oned.Sphere1Test
Running org.apache.commons.math3.geometry.euclidean.twod.FrenchVector2DFormatTest
Tests run: 28, Failures: 0, Errors: 0, Skipped: 0, Time elapsed: 0.025 sec - in org.apache.commons.math3.geometry.euclidean.twod.FrenchVector2DFormatTest
Running org.apache.commons.math3.geometry.euclidean.twod.LineTest
Tests run: 9, Failures: 0, Errors: 0, Skipped: 0, Time elapsed: 0.013 sec - in org.apache.commons.math3.geometry.euclidean.twod.LineTest
Running org.apache.commons.math3.geometry.euclidean.twod.Euclidean2DTest
Tests run: 3, Failures: 0, Errors: 0, Skipped: 0, Time elapsed: 0.005 sec - in org.apache.commons.math3.geometry.euclidean.twod.Euclidean2DTest
Running org.apache.commons.math3.geometry.euclidean.twod.SegmentTest
Tests run: 1, Failures: 0, Errors: 0, Skipped: 0, Time elapsed: 0.002 sec - in org.apache.commons.math3.geometry.euclidean.twod.SegmentTest
Running org.apache.commons.math3.geometry.euclidean.twod.Vector2DTest
Tests run: 1, Failures: 0, Errors: 0, Skipped: 0, Time elapsed: 0 sec - in org.apache.commons.math3.geometry.euclidean.twod.Vector2DTest
Running org.apache.commons.math3.geometry.euclidean.twod.Vector2DFormatTest
Tests run: 28, Failures: 0, Errors: 0, Skipped: 0, Time elapsed: 0.02 sec - in org.apache.commons.math3.geometry.euclidean.twod.Vector2DFormatTest
Running org.apache.commons.math3.geometry.euclidean.twod.SubLineTest
Tests run: 13, Failures: 0, Errors: 0, Skipped: 0, Time elapsed: 0.019 sec - in org.apache.commons.math3.geometry.euclidean.twod.SubLineTest
Running org.apache.commons.math3.geometry.euclidean.twod.PolygonsSetTest
Tests run: 24, Failures: 0, Errors: 0, Skipped: 0, Time elapsed: 0.989 sec - in org.apache.commons.math3.geometry.euclidean.twod.PolygonsSetTest
Running org.apache.commons.math3.geometry.euclidean.twod.hull.AklToussaintHeuristicTest
Tests run: 13, Failures: 0, Errors: 0, Skipped: 0, Time elapsed: 1.035 sec - in org.apache.commons.math3.geometry.euclidean.twod.hull.AklToussaintHeuristicTest
Running org.apache.commons.math3.geometry.euclidean.twod.hull.MonotoneChainTest
Tests run: 14, Failures: 0, Errors: 0, Skipped: 0, Time elapsed: 1.18 sec - in org.apache.commons.math3.geometry.euclidean.twod.hull.MonotoneChainTest
Running org.apache.commons.math3.geometry.euclidean.twod.DiskGeneratorTest
Tests run: 5, Failures: 0, Errors: 0, Skipped: 0, Time elapsed: 0.323 sec - in org.apache.commons.math3.geometry.euclidean.twod.DiskGeneratorTest
Running org.apache.commons.math3.geometry.euclidean.oned.Vector1DTest
Tests run: 22, Failures: 0, Errors: 0, Skipped: 0, Time elapsed: 0.016 sec - in org.apache.commons.math3.geometry.euclidean.oned.Vector1DTest
Running org.apache.commons.math3.geometry.euclidean.oned.Euclidean1DTest
Tests run: 3, Failures: 0, Errors: 0, Skipped: 0, Time elapsed: 0.003 sec - in org.apache.commons.math3.geometry.euclidean.oned.Euclidean1DTest
Running org.apache.commons.math3.geometry.euclidean.oned.IntervalsSetTest
Tests run: 4, Failures: 0, Errors: 0, Skipped: 0, Time elapsed: 0.004 sec - in org.apache.commons.math3.geometry.euclidean.oned.IntervalsSetTest
Running org.apache.commons.math3.geometry.euclidean.oned.IntervalTest
Tests run: 4, Failures: 0, Errors: 0, Skipped: 0, Time elapsed: 0.003 sec - in org.apache.commons.math3.geometry.euclidean.oned.IntervalTest
Running org.apache.commons.math3.geometry.euclidean.oned.FrenchVector1DFormatTest
Tests run: 25, Failures: 0, Errors: 0, Skipped: 0, Time elapsed: 0.017 sec - in org.apache.commons.math3.geometry.euclidean.oned.FrenchVector1DFormatTest
Running org.apache.commons.math3.geometry.euclidean.oned.Vector1DFormatTest
Tests run: 25, Failures: 0, Errors: 0, Skipped: 0, Time elapsed: 0.016 sec - in org.apache.commons.math3.geometry.euclidean.oned.Vector1DFormatTest
Running org.apache.commons.math3.geometry.euclidean.threed.Vector3DFormatTest
Tests run: 28, Failures: 0, Errors: 0, Skipped: 0, Time elapsed: 0.021 sec - in org.apache.commons.math3.geometry.euclidean.threed.Vector3DFormatTest
Running org.apache.commons.math3.geometry.euclidean.threed.LineTest
Tests run: 7, Failures: 0, Errors: 0, Skipped: 0, Time elapsed: 0.008 sec - in org.apache.commons.math3.geometry.euclidean.threed.LineTest
Running org.apache.commons.math3.geometry.euclidean.threed.PlaneTest
Tests run: 10, Failures: 0, Errors: 0, Skipped: 0, Time elapsed: 0.007 sec - in org.apache.commons.math3.geometry.euclidean.threed.PlaneTest
Running org.apache.commons.math3.geometry.euclidean.threed.RotationTest
Tests run: 15, Failures: 0, Errors: 0, Skipped: 0, Time elapsed: 5.46 sec - in org.apache.commons.math3.geometry.euclidean.threed.RotationTest
Running org.apache.commons.math3.geometry.euclidean.threed.FieldVector3DTest
Tests run: 31, Failures: 0, Errors: 0, Skipped: 0, Time elapsed: 2.705 sec - in org.apache.commons.math3.geometry.euclidean.threed.FieldVector3DTest
Running org.apache.commons.math3.geometry.euclidean.threed.RotationOrderTest
Tests run: 1, Failures: 0, Errors: 0, Skipped: 0, Time elapsed: 0.001 sec - in org.apache.commons.math3.geometry.euclidean.threed.RotationOrderTest
Running org.apache.commons.math3.geometry.euclidean.threed.PolyhedronsSetTest
Tests run: 6, Failures: 0, Errors: 0, Skipped: 0, Time elapsed: 0.712 sec - in org.apache.commons.math3.geometry.euclidean.threed.PolyhedronsSetTest
Running org.apache.commons.math3.geometry.euclidean.threed.SphereGeneratorTest
Tests run: 7, Failures: 0, Errors: 0, Skipped: 0, Time elapsed: 0.323 sec - in org.apache.commons.math3.geometry.euclidean.threed.SphereGeneratorTest
Running org.apache.commons.math3.geometry.euclidean.threed.SubLineTest
Tests run: 13, Failures: 0, Errors: 0, Skipped: 0, Time elapsed: 0.014 sec - in org.apache.commons.math3.geometry.euclidean.threed.SubLineTest
Running org.apache.commons.math3.geometry.euclidean.threed.SphericalCoordinatesTest
Tests run: 5, Failures: 0, Errors: 0, Skipped: 0, Time elapsed: 15.278 sec - in org.apache.commons.math3.geometry.euclidean.threed.SphericalCoordinatesTest
Running org.apache.commons.math3.geometry.euclidean.threed.Vector3DTest
Tests run: 33, Failures: 0, Errors: 0, Skipped: 0, Time elapsed: 0.492 sec - in org.apache.commons.math3.geometry.euclidean.threed.Vector3DTest
Running org.apache.commons.math3.geometry.euclidean.threed.FrenchVector3DFormatTest
Tests run: 28, Failures: 0, Errors: 0, Skipped: 0, Time elapsed: 0.019 sec - in org.apache.commons.math3.geometry.euclidean.threed.FrenchVector3DFormatTest
Running org.apache.commons.math3.geometry.euclidean.threed.FieldRotationDfpTest
Tests run: 17, Failures: 0, Errors: 0, Skipped: 0, Time elapsed: 195.748 sec - in org.apache.commons.math3.geometry.euclidean.threed.FieldRotationDfpTest
Running org.apache.commons.math3.geometry.euclidean.threed.Euclidean3DTest
Tests run: 3, Failures: 0, Errors: 0, Skipped: 0, Time elapsed: 0.002 sec - in org.apache.commons.math3.geometry.euclidean.threed.Euclidean3DTest
Running org.apache.commons.math3.geometry.euclidean.threed.FieldRotationDSTest
Tests run: 18, Failures: 0, Errors: 0, Skipped: 0, Time elapsed: 69.685 sec - in org.apache.commons.math3.geometry.euclidean.threed.FieldRotationDSTest
Running org.apache.commons.math3.geometry.partitioning.utilities.AVLTreeTest
Tests run: 5, Failures: 0, Errors: 0, Skipped: 0, Time elapsed: 0.006 sec - in org.apache.commons.math3.geometry.partitioning.utilities.AVLTreeTest
Running org.apache.commons.math3.geometry.enclosing.WelzlEncloser2DTest
Tests run: 7, Failures: 0, Errors: 0, Skipped: 0, Time elapsed: 6.005 sec - in org.apache.commons.math3.geometry.enclosing.WelzlEncloser2DTest
Running org.apache.commons.math3.geometry.enclosing.WelzlEncloser3DTest
Tests run: 5, Failures: 0, Errors: 0, Skipped: 0, Time elapsed: 2.548 sec - in org.apache.commons.math3.geometry.enclosing.WelzlEncloser3DTest
Running org.apache.commons.math3.util.CombinationsTest
Tests run: 12, Failures: 0, Errors: 0, Skipped: 0, Time elapsed: 0.125 sec - in org.apache.commons.math3.util.CombinationsTest
Running org.apache.commons.math3.util.ArithmeticUtilsTest
Tests run: 26, Failures: 0, Errors: 0, Skipped: 0, Time elapsed: 0.03 sec - in org.apache.commons.math3.util.ArithmeticUtilsTest
Running org.apache.commons.math3.util.MathArraysTest
Tests run: 47, Failures: 0, Errors: 0, Skipped: 0, Time elapsed: 0.296 sec - in org.apache.commons.math3.util.MathArraysTest
Running org.apache.commons.math3.util.FastMathStrictComparisonTest
Cannot find FastMath method corresponding to: public static int java.lang.StrictMath.addExact(int,int)
Cannot find FastMath method corresponding to: public static long java.lang.StrictMath.addExact(long,long)
Cannot find FastMath method corresponding to: public static int java.lang.StrictMath.multiplyExact(int,int)
Cannot find FastMath method corresponding to: public static long java.lang.StrictMath.multiplyExact(long,long)
Cannot find FastMath method corresponding to: public static long java.lang.StrictMath.subtractExact(long,long)
Cannot find FastMath method corresponding to: public static int java.lang.StrictMath.subtractExact(int,int)
Cannot find FastMath method corresponding to: public static int java.lang.StrictMath.toIntExact(long)
Cannot find FastMath method corresponding to: public static long java.lang.StrictMath.floorDiv(long,long)
Cannot find FastMath method corresponding to: public static int java.lang.StrictMath.floorDiv(int,int)
Cannot find FastMath method corresponding to: public static int java.lang.StrictMath.floorMod(int,int)
Cannot find FastMath method corresponding to: public static long java.lang.StrictMath.floorMod(long,long)
Cannot find FastMath method corresponding to: public static float java.lang.StrictMath.nextDown(float)
Cannot find FastMath method corresponding to: public static double java.lang.StrictMath.nextDown(double)
Tests run: 53, Failures: 0, Errors: 0, Skipped: 0, Time elapsed: 0.113 sec - in org.apache.commons.math3.util.FastMathStrictComparisonTest
Running org.apache.commons.math3.util.Decimal64Test
Tests run: 63, Failures: 0, Errors: 0, Skipped: 0, Time elapsed: 0.192 sec - in org.apache.commons.math3.util.Decimal64Test
Running org.apache.commons.math3.util.BigRealTest
Tests run: 14, Failures: 0, Errors: 0, Skipped: 0, Time elapsed: 0.015 sec - in org.apache.commons.math3.util.BigRealTest
Running org.apache.commons.math3.util.FastMathTest
FastMath does not implement: public static int java.lang.StrictMath.addExact(int,int)
FastMath does not implement: public static long java.lang.StrictMath.addExact(long,long)
FastMath does not implement: public static int java.lang.StrictMath.multiplyExact(int,int)
FastMath does not implement: public static long java.lang.StrictMath.multiplyExact(long,long)
FastMath does not implement: public static long java.lang.StrictMath.subtractExact(long,long)
FastMath does not implement: public static int java.lang.StrictMath.subtractExact(int,int)
FastMath does not implement: public static int java.lang.StrictMath.toIntExact(long)
FastMath does not implement: public static long java.lang.StrictMath.floorDiv(long,long)
FastMath does not implement: public static int java.lang.StrictMath.floorDiv(int,int)
FastMath does not implement: public static int java.lang.StrictMath.floorMod(int,int)
FastMath does not implement: public static long java.lang.StrictMath.floorMod(long,long)
FastMath does not implement: public static float java.lang.StrictMath.nextDown(float)
FastMath does not implement: public static double java.lang.StrictMath.nextDown(double)
Tests run: 48, Failures: 1, Errors: 0, Skipped: 1, Time elapsed: 939.292 sec <<< FAILURE! - in org.apache.commons.math3.util.FastMathTest
checkMissingFastMathClasses(org.apache.commons.math3.util.FastMathTest)  Time elapsed: 0.005 sec  <<< FAILURE!
java.lang.AssertionError: FastMath should implement all StrictMath methods
	at org.junit.Assert.fail(Assert.java:88)
	at org.junit.Assert.assertTrue(Assert.java:41)
	at org.apache.commons.math3.util.FastMathTest.__CLR4_2_0hlgw2d2mry(FastMathTest.java:1109)
	at org.apache.commons.math3.util.FastMathTest.checkMissingFastMathClasses(FastMathTest.java:1107)

Running org.apache.commons.math3.util.PrecisionTest
Tests run: 15, Failures: 0, Errors: 0, Skipped: 0, Time elapsed: 0.036 sec - in org.apache.commons.math3.util.PrecisionTest
Running org.apache.commons.math3.util.IncrementorTest
Tests run: 10, Failures: 0, Errors: 0, Skipped: 0, Time elapsed: 0.009 sec - in org.apache.commons.math3.util.IncrementorTest
Running org.apache.commons.math3.util.BigRealFieldTest
Tests run: 3, Failures: 0, Errors: 0, Skipped: 0, Time elapsed: 0.004 sec - in org.apache.commons.math3.util.BigRealFieldTest
Running org.apache.commons.math3.util.DefaultTransformerTest
Tests run: 7, Failures: 0, Errors: 0, Skipped: 0, Time elapsed: 0.006 sec - in org.apache.commons.math3.util.DefaultTransformerTest
Running org.apache.commons.math3.util.TransformerMapTest
Tests run: 8, Failures: 0, Errors: 0, Skipped: 0, Time elapsed: 0.007 sec - in org.apache.commons.math3.util.TransformerMapTest
Running org.apache.commons.math3.util.ResizableDoubleArrayTest
Tests run: 17, Failures: 0, Errors: 0, Skipped: 0, Time elapsed: 0.026 sec - in org.apache.commons.math3.util.ResizableDoubleArrayTest
Running org.apache.commons.math3.util.OpenIntToFieldTest
Tests run: 17, Failures: 0, Errors: 0, Skipped: 0, Time elapsed: 0.21 sec - in org.apache.commons.math3.util.OpenIntToFieldTest
Running org.apache.commons.math3.util.MultidimensionalCounterTest
Tests run: 7, Failures: 0, Errors: 0, Skipped: 0, Time elapsed: 0.008 sec - in org.apache.commons.math3.util.MultidimensionalCounterTest
Running org.apache.commons.math3.util.CombinatoricsUtilsTest
Tests run: 13, Failures: 0, Errors: 0, Skipped: 0, Time elapsed: 3.587 sec - in org.apache.commons.math3.util.CombinatoricsUtilsTest
Running org.apache.commons.math3.util.PairTest
Tests run: 6, Failures: 0, Errors: 0, Skipped: 0, Time elapsed: 0.004 sec - in org.apache.commons.math3.util.PairTest
Running org.apache.commons.math3.util.ContinuedFractionTest
Tests run: 1, Failures: 0, Errors: 0, Skipped: 0, Time elapsed: 0.002 sec - in org.apache.commons.math3.util.ContinuedFractionTest
Running org.apache.commons.math3.util.MathUtilsTest
Tests run: 19, Failures: 0, Errors: 0, Skipped: 0, Time elapsed: 0.219 sec - in org.apache.commons.math3.util.MathUtilsTest
Running org.apache.commons.math3.util.OpenIntToDoubleHashMapTest
Tests run: 17, Failures: 0, Errors: 0, Skipped: 0, Time elapsed: 0.381 sec - in org.apache.commons.math3.util.OpenIntToDoubleHashMapTest
Running org.apache.commons.math3.RetryRunnerTest
Tests run: 2, Failures: 0, Errors: 0, Skipped: 0, Time elapsed: 0.004 sec - in org.apache.commons.math3.RetryRunnerTest

Results :

Failed tests: 
  EvaluationTest.testEvaluateCopiesPoint:204->__CLR4_2_09dk1891pxt:215 expected not same
  GaussNewtonOptimizerWithCholeskyTest>AbstractLeastSquaresOptimizerAbstractTest.testPointCopy:535->AbstractLeastSquaresOptimizerAbstractTest.__CLR4_2_0fw0sx21pru:556 
Expected: not sameInstance(<{1; 2; 3}>)
     but: was <{1; 2; 3}>
  GaussNewtonOptimizerWithLUTest>AbstractLeastSquaresOptimizerAbstractTest.testPointCopy:535->AbstractLeastSquaresOptimizerAbstractTest.__CLR4_2_0fw0sx21pru:556 
Expected: not sameInstance(<{1; 2; 3}>)
     but: was <{1; 2; 3}>
  GaussNewtonOptimizerWithQRTest>AbstractLeastSquaresOptimizerAbstractTest.testPointCopy:535->AbstractLeastSquaresOptimizerAbstractTest.__CLR4_2_0fw0sx21pru:556 
Expected: not sameInstance(<{1; 2; 3}>)
     but: was <{1; 2; 3}>
  LevenbergMarquardtOptimizerTest>AbstractLeastSquaresOptimizerAbstractTest.testPointCopy:535->AbstractLeastSquaresOptimizerAbstractTest.__CLR4_2_0fw0sx21pru:556 arrays first differed at element [0]; expected:<0.0> but was:<0.9999999999999996>
  NetworkTest.testIterationOrder:113->__CLR4_2_0ig714m24o9:133 null
  FastMathTest.checkMissingFastMathClasses:1107->__CLR4_2_0hlgw2d2mry:1109 FastMath should implement all StrictMath methods

Tests run: 5909, Failures: 7, Errors: 0, Skipped: 37

[INFO] ------------------------------------------------------------------------
[INFO] BUILD FAILURE
[INFO] ------------------------------------------------------------------------
[INFO] Total time: 02:07 h
[INFO] Finished at: 2018-08-02T17:51:11+02:00
[INFO] Final Memory: 66M/2367M
[INFO] ------------------------------------------------------------------------
[ERROR] Failed to execute goal org.apache.maven.plugins:maven-surefire-plugin:2.15:test (default-test) on project commons-math3: There are test failures.
[ERROR] 
[ERROR] Please refer to /tmp/icse19/dataset/august-2018/bugs-dot-jar/commons-math_buggy/target/surefire-reports for the individual test results.
[ERROR] -> [Help 1]
[ERROR] 
[ERROR] To see the full stack trace of the errors, re-run Maven with the -e switch.
[ERROR] Re-run Maven using the -X switch to enable full debug logging.
[ERROR] 
[ERROR] For more information about the errors and possible solutions, please read the following articles:
[ERROR] [Help 1] http://cwiki.apache.org/confluence/display/MAVEN/MojoFailureException
Writing HTML report to '/tmp/icse19/dataset/august-2018/bugs-dot-jar/commons-math_buggy/target/clover/report'
ERROR: Invalid Java source found or Clover failed to parse it: /tmp/icse19/dataset/august-2018/bugs-dot-jar/commons-math_buggy/src/main/java/org/apache/commons/math3/fitting/leastsquares/DenseWeightedEvaluation.java
ERROR: Invalid Java source found or Clover failed to parse it: /tmp/icse19/dataset/august-2018/bugs-dot-jar/commons-math_buggy/src/main/java/org/apache/commons/math3/util/FastMath.java
Done. Processed 76 packages in 71061ms (935ms per package).
[INFO] org.apache.commons.math3.fitting.leastsquares.GaussNewtonOptimizerWithCholeskyTest;testKirby2;testNonInvertible;testInconsistentEquations;testOneSet;testTrivial;testNoDependency;testTwoSets;testInconsistentSizes2;testCircleFittingGoodInit;testInconsistentSizes1;testMaxEvaluations;testGetIterations;testIllConditioned;testCircleFittingBadInit;testCircleFitting;testRedundantEquations;testPointCopy;testMoreEstimatedParametersUnsorted;testHahn1;testMoreEstimatedParametersSimple;testQRColumnsPermutation
org.apache.commons.math3.fitting.leastsquares.GaussNewtonOptimizerWithLUTest;testKirby2;testNonInvertible;testInconsistentEquations;testOneSet;testTrivial;testNoDependency;testTwoSets;testInconsistentSizes2;testCircleFittingGoodInit;testInconsistentSizes1;testMaxEvaluations;testGetIterations;testIllConditioned;testCircleFittingBadInit;testCircleFitting;testRedundantEquations;testPointCopy;testMoreEstimatedParametersUnsorted;testHahn1;testMoreEstimatedParametersSimple;testQRColumnsPermutation
org.apache.commons.math3.fitting.leastsquares.GaussNewtonOptimizerWithQRTest;testKirby2;testNonInvertible;testOneSet;testInconsistentEquations;testTrivial;testNoDependency;testTwoSets;testInconsistentSizes2;testCircleFittingGoodInit;testInconsistentSizes1;testMaxEvaluations;testGetIterations;testIllConditioned;testCircleFittingBadInit;testCircleFitting;testPointCopy;testRedundantEquations;testMoreEstimatedParametersUnsorted;testHahn1;testMoreEstimatedParametersSimple;testQRColumnsPermutation
org.apache.commons.math3.fitting.leastsquares.LevenbergMarquardtOptimizerTest;testKirby2;testNonInvertible;testOneSet;testInconsistentEquations;testTrivial;testNoDependency;testTwoSets;testBevington;testInconsistentSizes2;testCircleFittingGoodInit;testInconsistentSizes1;testGetIterations;testIllConditioned;testPointCopy;testRedundantEquations;testCircleFitting;testCircleFittingBadInit;testControlParameters;testMoreEstimatedParametersUnsorted;testHahn1;testMoreEstimatedParametersSimple;testCircleFitting2;testQRColumnsPermutation
org.apache.commons.math3.fitting.HarmonicCurveFitterTest;testUnsorted;testNoError;test1PercentError;testTinyVariationsData;testInitialGuess
org.apache.commons.math3.fitting.GaussianCurveFitterTest;testFit04;testWithMaxIterations2;testFit01;testMath798;testFit07;testFit06;testFit05;testWithStartPoint;testMath519;testWithMaxIterations1
org.apache.commons.math3.fitting.leastsquares.MinpackTest;testMinpackWatson;testMinpackBard;testMinpackRosenbrok;testMinpackLinearRank1;testMinpackBox3Dimensional;testMinpackFreudensteinRoth;testMinpackLinearRank1ZeroColsAndRows;testMinpackPowellSingular;testMinpackBrownDennis;testMinpackKowalikOsborne;testMinpackLinearFullRank;testMinpackHelicalValley;testMinpackJennrichSampson;testMinpackChebyquad;testMinpackMeyer;testMinpackOsborne1;testMinpackOsborne2;testMinpackBrownAlmostLinear
org.apache.commons.math3.fitting.PolynomialCurveFitterTest;testSmallError;testRedundantSolvable;testLargeSample;testNoError;testFit
[INFO] ------------------------------------------------------------------------
[INFO] BUILD SUCCESS
[INFO] ------------------------------------------------------------------------
[INFO] Total time: 02:08 h
[INFO] Finished at: 2018-08-02T17:52:30+02:00
[INFO] Final Memory: 82M/5926M
[INFO] ------------------------------------------------------------------------
cd dataset/august-2018/bugs-dot-jar/commons-math_buggy/ && ~/apache-maven-3.3.9/bin/mvn clean versions:use-latest-versions -Dincludes=junit:junit eu.stamp-project:diff-test-selection:0.3-SNAPSHOT:list -DpathToDiff=.bugs-dot-jar/developer-patch.diff -DpathToOtherVersion=../commons-math_fixed/ -DoutputPath=../../commons-math/data_test-selection_bugs-dot-jar_MATH-1103_a6f96306.csv -Dreport=CSV
rm -rf commons-math_fixed
